Log file open, 11/15/20 13:34:44
LogInit: Display: Running engine for game: WhatsRemembered
LogPlatformFile: Not using cached read wrapper
LogTaskGraph: Started task graph with 5 named threads and 35 total threads with 3 sets of task threads.
LogStats: Stats thread started at 0.148773
LogD3D11RHI: Loaded GFSDK_Aftermath_Lib.x64.dll
LogICUInternationalization: ICU TimeZone Detection - Raw Offset: -8:00, Platform Override: ''
LogPluginManager: Mounting plugin Paper2D
LogPluginManager: Mounting plugin AISupport
LogPluginManager: Mounting plugin LightPropagationVolume
LogPluginManager: Mounting plugin CameraShakePreviewer
LogPluginManager: Mounting plugin ActorLayerUtilities
LogPluginManager: Mounting plugin AnimationSharing
LogPluginManager: Mounting plugin CLionSourceCodeAccess
LogPluginManager: Mounting plugin CodeLiteSourceCodeAccess
LogPluginManager: Mounting plugin GitSourceControl
LogPluginManager: Mounting plugin KDevelopSourceCodeAccess
LogPluginManager: Mounting plugin NullSourceCodeAccess
LogPluginManager: Mounting plugin PerforceSourceControl
LogPluginManager: Mounting plugin PlasticSourceControl
LogPluginManager: Mounting plugin RiderSourceCodeAccess
LogPluginManager: Mounting plugin SubversionSourceControl
LogPluginManager: Mounting plugin UObjectPlugin
LogPluginManager: Mounting plugin VisualStudioCodeSourceCodeAccess
LogPluginManager: Mounting plugin VisualStudioSourceCodeAccess
LogPluginManager: Mounting plugin XCodeSourceCodeAccess
LogPluginManager: Mounting plugin AssetManagerEditor
LogPluginManager: Mounting plugin CryptoKeys
LogPluginManager: Mounting plugin CurveEditorTools
LogPluginManager: Mounting plugin DataValidation
LogPluginManager: Mounting plugin EditorScriptingUtilities
LogPluginManager: Mounting plugin FacialAnimation
LogPluginManager: Mounting plugin GameplayTagsEditor
LogPluginManager: Mounting plugin GeometryMode
LogPluginManager: Mounting plugin MacGraphicsSwitching
LogPluginManager: Mounting plugin MaterialAnalyzer
LogPluginManager: Mounting plugin MobileLauncherProfileWizard
LogPluginManager: Mounting plugin PluginBrowser
LogPluginManager: Mounting plugin SpeedTreeImporter
LogPluginManager: Mounting plugin DatasmithContent
LogPluginManager: Mounting plugin VariantManagerContent
LogPluginManager: Mounting plugin AlembicImporter
LogPluginManager: Mounting plugin AutomationUtils
LogPluginManager: Mounting plugin BackChannel
LogPluginManager: Mounting plugin ChaosCloth
LogPluginManager: Mounting plugin ChaosClothEditor
LogPluginManager: Mounting plugin ChaosEditor
LogPluginManager: Mounting plugin ChaosNiagara
LogPluginManager: Mounting plugin ChaosSolverPlugin
LogPluginManager: Mounting plugin CharacterAI
LogPluginManager: Mounting plugin GeometryCache
LogPluginManager: Mounting plugin GeometryCollectionPlugin
LogPluginManager: Mounting plugin GeometryProcessing
LogPluginManager: Mounting plugin PlanarCut
LogPluginManager: Mounting plugin PlatformCrypto
LogPluginManager: Mounting plugin ProxyLODPlugin
LogPluginManager: Mounting plugin PythonScriptPlugin
LogPluginManager: Mounting plugin SkeletalReduction
LogPluginManager: Mounting plugin Niagara
LogPluginManager: Mounting plugin MagicLeap
LogPluginManager: Mounting plugin MagicLeapLightEstimation
LogPluginManager: Mounting plugin MagicLeapMedia
LogPluginManager: Mounting plugin MagicLeapPassableWorld
LogPluginManager: Mounting plugin MLSDK
LogPluginManager: Mounting plugin NinjaCharacter
LogPluginManager: Mounting plugin AndroidMedia
LogPluginManager: Mounting plugin AvfMedia
LogPluginManager: Mounting plugin ImgMedia
LogPluginManager: Mounting plugin MediaCompositing
LogPluginManager: Mounting plugin MediaPlayerEditor
LogPluginManager: Mounting plugin WebMMedia
LogPluginManager: Mounting plugin WmfMedia
LogPluginManager: Mounting plugin MeshPainting
LogPluginManager: Mounting plugin TcpMessaging
LogPluginManager: Mounting plugin UdpMessaging
LogPluginManager: Mounting plugin ActorSequence
LogPluginManager: Mounting plugin LevelSequenceEditor
LogPluginManager: Mounting plugin MatineeToLevelSequence
LogPluginManager: Mounting plugin MovieRenderPipeline
LogPluginManager: Mounting plugin TemplateSequence
LogPluginManager: Mounting plugin NetcodeUnitTest
LogPluginManager: Mounting plugin NUTUnrealEngine4
LogPluginManager: Mounting plugin OnlineSubsystemGooglePlay
LogPluginManager: Mounting plugin OnlineSubsystemIOS
LogPluginManager: Mounting plugin OnlineSubsystem
LogPluginManager: Mounting plugin OnlineSubsystemNull
LogPluginManager: Mounting plugin OnlineSubsystemUtils
LogPluginManager: Mounting plugin LauncherChunkInstaller
LogPluginManager: Mounting plugin AndroidDeviceProfileSelector
LogPluginManager: Mounting plugin AndroidMoviePlayer
LogPluginManager: Mounting plugin AndroidPermission
LogPluginManager: Mounting plugin AppleImageUtils
LogPluginManager: Mounting plugin AppleMoviePlayer
LogPluginManager: Mounting plugin ArchVisCharacter
LogPluginManager: Mounting plugin AssetTags
LogPluginManager: Mounting plugin AudioCapture
LogPluginManager: Mounting plugin CableComponent
LogPluginManager: Mounting plugin CustomMeshComponent
LogPluginManager: Mounting plugin EditableMesh
LogPluginManager: Mounting plugin ExampleDeviceProfileSelector
LogPluginManager: Mounting plugin GoogleCloudMessaging
LogPluginManager: Mounting plugin GooglePAD
LogPluginManager: Mounting plugin IOSDeviceProfileSelector
LogPluginManager: Mounting plugin LinuxDeviceProfileSelector
LogPluginManager: Mounting plugin LocationServicesBPLibrary
LogPluginManager: Mounting plugin MobilePatchingUtils
LogPluginManager: Mounting plugin OculusVR
LogPluginManager: Mounting plugin PhysXVehicles
LogPluginManager: Mounting plugin PostSplashScreen
LogPluginManager: Mounting plugin ProceduralMeshComponent
LogPluginManager: Mounting plugin RuntimePhysXCooking
LogPluginManager: Mounting plugin SignificanceManager
LogPluginManager: Mounting plugin SoundFields
LogPluginManager: Mounting plugin SteamVR
LogPluginManager: Mounting plugin Synthesis
LogPluginManager: Mounting plugin WebMMoviePlayer
LogPluginManager: Mounting plugin WindowsMoviePlayer
LogPluginManager: Mounting plugin ScreenshotTools
LogInit: Using libcurl 7.55.1-DEV
LogInit:  - built for x86_64-pc-win32
LogInit:  - supports SSL with OpenSSL/1.1.1
LogInit:  - supports HTTP deflate (compression) using libz 1.2.8
LogInit:  - other features:
LogInit:      CURL_VERSION_SSL
LogInit:      CURL_VERSION_LIBZ
LogInit:      CURL_VERSION_IPV6
LogInit:      CURL_VERSION_ASYNCHDNS
LogInit:      CURL_VERSION_LARGEFILE
LogInit:      CURL_VERSION_IDN
LogInit:  CurlRequestOptions (configurable via config and command line):
LogInit:  - bVerifyPeer = true  - Libcurl will verify peer certificate
LogInit:  - bUseHttpProxy = false  - Libcurl will NOT use HTTP proxy
LogInit:  - bDontReuseConnections = false  - Libcurl will reuse connections
LogInit:  - MaxHostConnections = 16  - Libcurl will limit the number of connections to a host
LogInit:  - LocalHostAddr = Default
LogInit:  - BufferSize = 65536
LogOnline: OSS: Creating online subsystem instance for: NULL
LogInit: WinSock: version 1.1 (2.2), MaxSocks=32767, MaxUdp=65467
LogOnline: OSS: TryLoadSubsystemAndSetDefault: Loaded subsystem for module [NULL]
LogInit: Build: ++UE4+Release-4.25-CL-13942748
LogInit: Engine Version: 4.25.3-13942748+++UE4+Release-4.25
LogInit: Compatible Engine Version: 4.25.0-13144385+++UE4+Release-4.25
LogInit: Net CL: 13144385
LogInit: OS: Windows 10 (Release 1909) (), CPU: Intel(R) Core(TM) i7-10750H CPU @ 2.60GHz, GPU: NVIDIA GeForce RTX 2060
LogInit: Compiled (64-bit): Jul 25 2020 02:07:48
LogInit: Compiled with Visual C++: 19.24.28315.00
LogInit: Build Configuration: Development
LogInit: Branch Name: ++UE4+Release-4.25
LogInit: Command Line: 
LogInit: Base Directory: C:/Program Files/Epic Games/UE_4.25/Engine/Binaries/Win64/
LogInit: Allocator: TBB
LogInit: Installed Engine Build: 1
LogDevObjectVersion: Number of dev versions registered: 26
LogDevObjectVersion:   Dev-Blueprints (B0D832E4-1F89-4F0D-ACCF-7EB736FD4AA2): 10
LogDevObjectVersion:   Dev-Build (E1C64328-A22C-4D53-A36C-8E866417BD8C): 0
LogDevObjectVersion:   Dev-Core (375EC13C-06E4-48FB-B500-84F0262A717E): 4
LogDevObjectVersion:   Dev-Editor (E4B068ED-F494-42E9-A231-DA0B2E46BB41): 38
LogDevObjectVersion:   Dev-Framework (CFFC743F-43B0-4480-9391-14DF171D2073): 37
LogDevObjectVersion:   Dev-Mobile (B02B49B5-BB20-44E9-A304-32B752E40360): 2
LogDevObjectVersion:   Dev-Networking (A4E4105C-59A1-49B5-A7C5-40C4547EDFEE): 0
LogDevObjectVersion:   Dev-Online (39C831C9-5AE6-47DC-9A44-9C173E1C8E7C): 0
LogDevObjectVersion:   Dev-Physics (78F01B33-EBEA-4F98-B9B4-84EACCB95AA2): 4
LogDevObjectVersion:   Dev-Platform (6631380F-2D4D-43E0-8009-CF276956A95A): 0
LogDevObjectVersion:   Dev-Rendering (12F88B9F-8875-4AFC-A67C-D90C383ABD29): 43
LogDevObjectVersion:   Dev-Sequencer (7B5AE74C-D270-4C10-A958-57980B212A5A): 12
LogDevObjectVersion:   Dev-VR (D7296918-1DD6-4BDD-9DE2-64A83CC13884): 3
LogDevObjectVersion:   Dev-LoadTimes (C2A15278-BFE7-4AFE-6C17-90FF531DF755): 1
LogDevObjectVersion:   Private-Geometry (6EACA3D4-40EC-4CC1-B786-8BED09428FC5): 3
LogDevObjectVersion:   Dev-AnimPhys (29E575DD-E0A3-4627-9D10-D276232CDCEA): 17
LogDevObjectVersion:   Dev-Anim (AF43A65D-7FD3-4947-9873-3E8ED9C1BB05): 7
LogDevObjectVersion:   Dev-ReflectionCapture (6B266CEC-1EC7-4B8F-A30B-E4D90942FC07): 1
LogDevObjectVersion:   Dev-Automation (0DF73D61-A23F-47EA-B727-89E90C41499A): 1
LogDevObjectVersion:   FortniteMain (601D1886-AC64-4F84-AA16-D3DE0DEAC7D6): 31
LogDevObjectVersion:   Dev-Enterprise (9DFFBCD6-494F-0158-E221-12823C92A888): 10
LogDevObjectVersion:   Dev-Niagara (F2AED0AC-9AFE-416F-8664-AA7FFA26D6FC): 1
LogDevObjectVersion:   Dev-Destruction (174F1F0B-B4C6-45A5-B13F-2EE8D0FB917D): 10
LogDevObjectVersion:   Dev-Physics-Ext (35F94A83-E258-406C-A318-09F59610247C): 37
LogDevObjectVersion:   Dev-PhysicsMaterial-Chaos (B68FC16E-8B1B-42E2-B453-215C058844FE): 1
LogDevObjectVersion:   Dev-CineCamera (B2E18506-4273-CFC2-A54E-F4BB758BBA07): 1
LogInit: Presizing for max 25165824 objects, including 0 objects not considered by GC, pre-allocating 0 bytes for permanent pool.
LogConfig: Applying CVar settings from Section [/Script/Engine.StreamingSettings] File [C:/Users/brend/Documents/GitHub/WhatsRemembered/Saved/Config/Windows/Engine.ini]
LogConfig: Setting CVar [[s.MinBulkDataSizeForAsyncLoading:131072]]
LogConfig: Setting CVar [[s.AsyncLoadingThreadEnabled:0]]
LogConfig: Setting CVar [[s.EventDrivenLoaderEnabled:1]]
LogConfig: Setting CVar [[s.WarnIfTimeLimitExceeded:0]]
LogConfig: Setting CVar [[s.TimeLimitExceededMultiplier:1.5]]
LogConfig: Setting CVar [[s.TimeLimitExceededMinTime:0.005]]
LogConfig: Setting CVar [[s.UseBackgroundLevelStreaming:1]]
LogConfig: Setting CVar [[s.PriorityAsyncLoadingExtraTime:15.0]]
LogConfig: Setting CVar [[s.LevelStreamingActorsUpdateTimeLimit:5.0]]
LogConfig: Setting CVar [[s.PriorityLevelStreamingActorsUpdateExtraTime:5.0]]
LogConfig: Setting CVar [[s.LevelStreamingComponentsRegistrationGranularity:10]]
LogConfig: Setting CVar [[s.UnregisterComponentsTimeLimit:1.0]]
LogConfig: Setting CVar [[s.LevelStreamingComponentsUnregistrationGranularity:5]]
LogConfig: Setting CVar [[s.FlushStreamingOnExit:1]]
LogInit: Object subsystem initialized
LogConfig: Setting CVar [[con.DebugEarlyDefault:1]]
LogConfig: Setting CVar [[r.setres:1280x720]]
[2020.11.15-21.34.44:335][  0]LogConfig: Setting CVar [[r.VSync:0]]
[2020.11.15-21.34.44:335][  0]LogConfig: Setting CVar [[r.RHICmdBypass:0]]
[2020.11.15-21.34.44:335][  0]LogConfig: Applying CVar settings from Section [/Script/Engine.RendererSettings] File [C:/Users/brend/Documents/GitHub/WhatsRemembered/Saved/Config/Windows/Engine.ini]
[2020.11.15-21.34.44:335][  0]LogConfig: Setting CVar [[r.GPUCrashDebugging:0]]
[2020.11.15-21.34.44:335][  0]LogConfig: Applying CVar settings from Section [/Script/Engine.RendererOverrideSettings] File [C:/Users/brend/Documents/GitHub/WhatsRemembered/Saved/Config/Windows/Engine.ini]
[2020.11.15-21.34.44:335][  0]LogConfig: Applying CVar settings from Section [/Script/Engine.StreamingSettings] File [C:/Users/brend/Documents/GitHub/WhatsRemembered/Saved/Config/Windows/Engine.ini]
[2020.11.15-21.34.44:335][  0]LogConfig: Setting CVar [[s.MinBulkDataSizeForAsyncLoading:131072]]
[2020.11.15-21.34.44:335][  0]LogConfig: Setting CVar [[s.AsyncLoadingThreadEnabled:0]]
[2020.11.15-21.34.44:335][  0]LogConfig: Setting CVar [[s.EventDrivenLoaderEnabled:1]]
[2020.11.15-21.34.44:335][  0]LogConfig: Setting CVar [[s.WarnIfTimeLimitExceeded:0]]
[2020.11.15-21.34.44:335][  0]LogConfig: Setting CVar [[s.TimeLimitExceededMultiplier:1.5]]
[2020.11.15-21.34.44:335][  0]LogConfig: Setting CVar [[s.TimeLimitExceededMinTime:0.005]]
[2020.11.15-21.34.44:335][  0]LogConfig: Setting CVar [[s.UseBackgroundLevelStreaming:1]]
[2020.11.15-21.34.44:335][  0]LogConfig: Setting CVar [[s.PriorityAsyncLoadingExtraTime:15.0]]
[2020.11.15-21.34.44:335][  0]LogConfig: Setting CVar [[s.LevelStreamingActorsUpdateTimeLimit:5.0]]
[2020.11.15-21.34.44:335][  0]LogConfig: Setting CVar [[s.PriorityLevelStreamingActorsUpdateExtraTime:5.0]]
[2020.11.15-21.34.44:335][  0]LogConfig: Setting CVar [[s.LevelStreamingComponentsRegistrationGranularity:10]]
[2020.11.15-21.34.44:335][  0]LogConfig: Setting CVar [[s.UnregisterComponentsTimeLimit:1.0]]
[2020.11.15-21.34.44:335][  0]LogConfig: Setting CVar [[s.LevelStreamingComponentsUnregistrationGranularity:5]]
[2020.11.15-21.34.44:335][  0]LogConfig: Setting CVar [[s.FlushStreamingOnExit:1]]
[2020.11.15-21.34.44:335][  0]LogConfig: Applying CVar settings from Section [/Script/Engine.GarbageCollectionSettings] File [C:/Users/brend/Documents/GitHub/WhatsRemembered/Saved/Config/Windows/Engine.ini]
[2020.11.15-21.34.44:335][  0]LogConfig: Setting CVar [[gc.MaxObjectsNotConsideredByGC:1]]
[2020.11.15-21.34.44:335][  0]LogConfig: Setting CVar [[gc.SizeOfPermanentObjectPool:0]]
[2020.11.15-21.34.44:335][  0]LogConfig: Setting CVar [[gc.FlushStreamingOnGC:0]]
[2020.11.15-21.34.44:335][  0]LogConfig: Setting CVar [[gc.NumRetriesBeforeForcingGC:10]]
[2020.11.15-21.34.44:335][  0]LogConfig: Setting CVar [[gc.AllowParallelGC:1]]
[2020.11.15-21.34.44:335][  0]LogConfig: Setting CVar [[gc.TimeBetweenPurgingPendingKillObjects:61.1]]
[2020.11.15-21.34.44:335][  0]LogConfig: Setting CVar [[gc.MaxObjectsInEditor:25165824]]
[2020.11.15-21.34.44:335][  0]LogConfig: Setting CVar [[gc.IncrementalBeginDestroyEnabled:1]]
[2020.11.15-21.34.44:335][  0]LogConfig: Setting CVar [[gc.CreateGCClusters:1]]
[2020.11.15-21.34.44:335][  0]LogConfig: Setting CVar [[gc.MinGCClusterSize:5]]
[2020.11.15-21.34.44:335][  0]LogConfig: Setting CVar [[gc.ActorClusteringEnabled:0]]
[2020.11.15-21.34.44:335][  0]LogConfig: Setting CVar [[gc.BlueprintClusteringEnabled:0]]
[2020.11.15-21.34.44:335][  0]LogConfig: Setting CVar [[gc.UseDisregardForGCOnDedicatedServers:0]]
[2020.11.15-21.34.44:335][  0]LogConfig: Applying CVar settings from Section [/Script/Engine.NetworkSettings] File [C:/Users/brend/Documents/GitHub/WhatsRemembered/Saved/Config/Windows/Engine.ini]
[2020.11.15-21.34.44:335][  0]LogConfig: Applying CVar settings from Section [/Script/UnrealEd.CookerSettings] File [C:/Users/brend/Documents/GitHub/WhatsRemembered/Saved/Config/Windows/Engine.ini]
[2020.11.15-21.34.44:337][  0]LogConfig: Applying CVar settings from Section [ViewDistanceQuality@3] File [C:/Users/brend/Documents/GitHub/WhatsRemembered/Saved/Config/Windows/Scalability.ini]
[2020.11.15-21.34.44:337][  0]LogConfig: Setting CVar [[r.SkeletalMeshLODBias:0]]
[2020.11.15-21.34.44:337][  0]LogConfig: Setting CVar [[r.ViewDistanceScale:1.0]]
[2020.11.15-21.34.44:337][  0]LogConfig: Applying CVar settings from Section [AntiAliasingQuality@3] File [C:/Users/brend/Documents/GitHub/WhatsRemembered/Saved/Config/Windows/Scalability.ini]
[2020.11.15-21.34.44:337][  0]LogConfig: Setting CVar [[r.PostProcessAAQuality:4]]
[2020.11.15-21.34.44:337][  0]LogConfig: Applying CVar settings from Section [ShadowQuality@3] File [C:/Users/brend/Documents/GitHub/WhatsRemembered/Saved/Config/Windows/Scalability.ini]
[2020.11.15-21.34.44:337][  0]LogConfig: Setting CVar [[r.LightFunctionQuality:1]]
[2020.11.15-21.34.44:337][  0]LogConfig: Setting CVar [[r.ShadowQuality:5]]
[2020.11.15-21.34.44:337][  0]LogConfig: Setting CVar [[r.Shadow.CSM.MaxCascades:10]]
[2020.11.15-21.34.44:337][  0]LogConfig: Setting CVar [[r.Shadow.MaxResolution:2048]]
[2020.11.15-21.34.44:337][  0]LogConfig: Setting CVar [[r.Shadow.MaxCSMResolution:2048]]
[2020.11.15-21.34.44:337][  0]LogConfig: Setting CVar [[r.Shadow.RadiusThreshold:0.01]]
[2020.11.15-21.34.44:337][  0]LogConfig: Setting CVar [[r.Shadow.DistanceScale:1.0]]
[2020.11.15-21.34.44:337][  0]LogConfig: Setting CVar [[r.Shadow.CSM.TransitionScale:1.0]]
[2020.11.15-21.34.44:337][  0]LogConfig: Setting CVar [[r.Shadow.PreShadowResolutionFactor:1.0]]
[2020.11.15-21.34.44:337][  0]LogConfig: Setting CVar [[r.DistanceFieldShadowing:1]]
[2020.11.15-21.34.44:337][  0]LogConfig: Setting CVar [[r.DistanceFieldAO:1]]
[2020.11.15-21.34.44:337][  0]LogConfig: Setting CVar [[r.AOQuality:2]]
[2020.11.15-21.34.44:337][  0]LogConfig: Setting CVar [[r.VolumetricFog:1]]
[2020.11.15-21.34.44:337][  0]LogConfig: Setting CVar [[r.VolumetricFog.GridPixelSize:8]]
[2020.11.15-21.34.44:337][  0]LogConfig: Setting CVar [[r.VolumetricFog.GridSizeZ:128]]
[2020.11.15-21.34.44:337][  0]LogConfig: Setting CVar [[r.VolumetricFog.HistoryMissSupersampleCount:4]]
[2020.11.15-21.34.44:337][  0]LogConfig: Setting CVar [[r.LightMaxDrawDistanceScale:1]]
[2020.11.15-21.34.44:337][  0]LogConfig: Setting CVar [[r.CapsuleShadows:1]]
[2020.11.15-21.34.44:337][  0]LogConfig: Applying CVar settings from Section [PostProcessQuality@3] File [C:/Users/brend/Documents/GitHub/WhatsRemembered/Saved/Config/Windows/Scalability.ini]
[2020.11.15-21.34.44:337][  0]LogConfig: Setting CVar [[r.MotionBlurQuality:4]]
[2020.11.15-21.34.44:337][  0]LogConfig: Setting CVar [[r.AmbientOcclusionMipLevelFactor:0.4]]
[2020.11.15-21.34.44:337][  0]LogConfig: Setting CVar [[r.AmbientOcclusionMaxQuality:100]]
[2020.11.15-21.34.44:337][  0]LogConfig: Setting CVar [[r.AmbientOcclusionLevels:-1]]
[2020.11.15-21.34.44:337][  0]LogConfig: Setting CVar [[r.AmbientOcclusionRadiusScale:1.0]]
[2020.11.15-21.34.44:337][  0]LogConfig: Setting CVar [[r.DepthOfFieldQuality:2]]
[2020.11.15-21.34.44:337][  0]LogConfig: Setting CVar [[r.RenderTargetPoolMin:400]]
[2020.11.15-21.34.44:337][  0]LogConfig: Setting CVar [[r.LensFlareQuality:2]]
[2020.11.15-21.34.44:337][  0]LogConfig: Setting CVar [[r.SceneColorFringeQuality:1]]
[2020.11.15-21.34.44:337][  0]LogConfig: Setting CVar [[r.EyeAdaptationQuality:2]]
[2020.11.15-21.34.44:337][  0]LogConfig: Setting CVar [[r.BloomQuality:5]]
[2020.11.15-21.34.44:337][  0]LogConfig: Setting CVar [[r.FastBlurThreshold:100]]
[2020.11.15-21.34.44:337][  0]LogConfig: Setting CVar [[r.Upscale.Quality:3]]
[2020.11.15-21.34.44:337][  0]LogConfig: Setting CVar [[r.Tonemapper.GrainQuantization:1]]
[2020.11.15-21.34.44:337][  0]LogConfig: Setting CVar [[r.LightShaftQuality:1]]
[2020.11.15-21.34.44:337][  0]LogConfig: Setting CVar [[r.Filter.SizeScale:1]]
[2020.11.15-21.34.44:337][  0]LogConfig: Setting CVar [[r.Tonemapper.Quality:5]]
[2020.11.15-21.34.44:337][  0]LogConfig: Setting CVar [[r.DOF.Gather.AccumulatorQuality:1        ; higher gathering accumulator quality]]
[2020.11.15-21.34.44:337][  0]LogConfig: Setting CVar [[r.DOF.Gather.PostfilterMethod:1          ; Median3x3 postfilering method]]
[2020.11.15-21.34.44:337][  0]LogConfig: Setting CVar [[r.DOF.Gather.EnableBokehSettings:0       ; no bokeh simulation when gathering]]
[2020.11.15-21.34.44:337][  0]LogConfig: Setting CVar [[r.DOF.Gather.RingCount:4                 ; medium number of samples when gathering]]
[2020.11.15-21.34.44:337][  0]LogConfig: Setting CVar [[r.DOF.Scatter.ForegroundCompositing:1    ; additive foreground scattering]]
[2020.11.15-21.34.44:337][  0]LogConfig: Setting CVar [[r.DOF.Scatter.BackgroundCompositing:2    ; additive background scattering]]
[2020.11.15-21.34.44:337][  0]LogConfig: Setting CVar [[r.DOF.Scatter.EnableBokehSettings:1      ; bokeh simulation when scattering]]
[2020.11.15-21.34.44:337][  0]LogConfig: Setting CVar [[r.DOF.Scatter.MaxSpriteRatio:0.1         ; only a maximum of 10% of scattered bokeh]]
[2020.11.15-21.34.44:337][  0]LogConfig: Setting CVar [[r.DOF.Recombine.Quality:1                ; cheap slight out of focus]]
[2020.11.15-21.34.44:337][  0]LogConfig: Setting CVar [[r.DOF.Recombine.EnableBokehSettings:0    ; no bokeh simulation on slight out of focus]]
[2020.11.15-21.34.44:337][  0]LogConfig: Setting CVar [[r.DOF.TemporalAAQuality:1                ; more stable temporal accumulation]]
[2020.11.15-21.34.44:337][  0]LogConfig: Setting CVar [[r.DOF.Kernel.MaxForegroundRadius:0.025]]
[2020.11.15-21.34.44:337][  0]LogConfig: Setting CVar [[r.DOF.Kernel.MaxBackgroundRadius:0.025]]
[2020.11.15-21.34.44:337][  0]LogConfig: Applying CVar settings from Section [TextureQuality@3] File [C:/Users/brend/Documents/GitHub/WhatsRemembered/Saved/Config/Windows/Scalability.ini]
[2020.11.15-21.34.44:337][  0]LogConfig: Setting CVar [[r.Streaming.MipBias:0]]
[2020.11.15-21.34.44:337][  0]LogConfig: Setting CVar [[r.Streaming.AmortizeCPUToGPUCopy:0]]
[2020.11.15-21.34.44:337][  0]LogConfig: Setting CVar [[r.Streaming.MaxNumTexturesToStreamPerFrame:0]]
[2020.11.15-21.34.44:337][  0]LogConfig: Setting CVar [[r.Streaming.Boost:1]]
[2020.11.15-21.34.44:337][  0]LogConfig: Setting CVar [[r.MaxAnisotropy:8]]
[2020.11.15-21.34.44:337][  0]LogConfig: Setting CVar [[r.VT.MaxAnisotropy:8]]
[2020.11.15-21.34.44:337][  0]LogConfig: Setting CVar [[r.Streaming.LimitPoolSizeToVRAM:0]]
[2020.11.15-21.34.44:337][  0]LogConfig: Setting CVar [[r.Streaming.PoolSize:1000]]
[2020.11.15-21.34.44:337][  0]LogConfig: Setting CVar [[r.Streaming.MaxEffectiveScreenSize:0]]
[2020.11.15-21.34.44:337][  0]LogConfig: Applying CVar settings from Section [EffectsQuality@3] File [C:/Users/brend/Documents/GitHub/WhatsRemembered/Saved/Config/Windows/Scalability.ini]
[2020.11.15-21.34.44:337][  0]LogConfig: Setting CVar [[r.TranslucencyLightingVolumeDim:64]]
[2020.11.15-21.34.44:337][  0]LogConfig: Setting CVar [[r.RefractionQuality:2]]
[2020.11.15-21.34.44:337][  0]LogConfig: Setting CVar [[r.SSR.Quality:3]]
[2020.11.15-21.34.44:337][  0]LogConfig: Setting CVar [[r.SSR.HalfResSceneColor:0]]
[2020.11.15-21.34.44:337][  0]LogConfig: Setting CVar [[r.SceneColorFormat:4]]
[2020.11.15-21.34.44:337][  0]LogConfig: Setting CVar [[r.DetailMode:2]]
[2020.11.15-21.34.44:337][  0]LogConfig: Setting CVar [[r.TranslucencyVolumeBlur:1]]
[2020.11.15-21.34.44:337][  0]LogConfig: Setting CVar [[r.MaterialQualityLevel:1 ; High quality]]
[2020.11.15-21.34.44:337][  0]LogConfig: Setting CVar [[r.SSS.Scale:1]]
[2020.11.15-21.34.44:337][  0]LogConfig: Setting CVar [[r.SSS.SampleSet:2]]
[2020.11.15-21.34.44:337][  0]LogConfig: Setting CVar [[r.SSS.Quality:1]]
[2020.11.15-21.34.44:337][  0]LogConfig: Setting CVar [[r.SSS.HalfRes:0]]
[2020.11.15-21.34.44:337][  0]LogConfig: Setting CVar [[r.SSGI.Quality:3]]
[2020.11.15-21.34.44:337][  0]LogConfig: Setting CVar [[r.EmitterSpawnRateScale:1.0]]
[2020.11.15-21.34.44:337][  0]LogConfig: Setting CVar [[r.ParticleLightQuality:2]]
[2020.11.15-21.34.44:337][  0]LogConfig: Setting CVar [[r.SkyAtmosphere.AerialPerspectiveLUT.FastApplyOnOpaque:1 ; Always have FastSkyLUT 1 in this case to avoid wrong sky]]
[2020.11.15-21.34.44:337][  0]LogConfig: Setting CVar [[r.SkyAtmosphere.AerialPerspectiveLUT.SampleCountPerSlice:1]]
[2020.11.15-21.34.44:337][  0]LogConfig: Setting CVar [[r.SkyAtmosphere.AerialPerspectiveLUT.DepthResolution:16.0]]
[2020.11.15-21.34.44:337][  0]LogConfig: Setting CVar [[r.SkyAtmosphere.FastSkyLUT:1]]
[2020.11.15-21.34.44:338][  0]LogConfig: Setting CVar [[r.SkyAtmosphere.FastSkyLUT.SampleCountMin:4.0]]
[2020.11.15-21.34.44:338][  0]LogConfig: Setting CVar [[r.SkyAtmosphere.FastSkyLUT.SampleCountMax:32.0]]
[2020.11.15-21.34.44:338][  0]LogConfig: Setting CVar [[r.SkyAtmosphere.SampleCountMin:4.0]]
[2020.11.15-21.34.44:338][  0]LogConfig: Setting CVar [[r.SkyAtmosphere.SampleCountMax:32.0]]
[2020.11.15-21.34.44:338][  0]LogConfig: Setting CVar [[r.SkyAtmosphere.TransmittanceLUT.UseSmallFormat:0]]
[2020.11.15-21.34.44:338][  0]LogConfig: Setting CVar [[r.SkyAtmosphere.TransmittanceLUT.SampleCount:10.0]]
[2020.11.15-21.34.44:338][  0]LogConfig: Setting CVar [[r.SkyAtmosphere.MultiScatteringLUT.SampleCount:15.0]]
[2020.11.15-21.34.44:338][  0]LogConfig: Applying CVar settings from Section [FoliageQuality@3] File [C:/Users/brend/Documents/GitHub/WhatsRemembered/Saved/Config/Windows/Scalability.ini]
[2020.11.15-21.34.44:338][  0]LogConfig: Setting CVar [[foliage.DensityScale:1.0]]
[2020.11.15-21.34.44:338][  0]LogConfig: Setting CVar [[grass.DensityScale:1.0]]
[2020.11.15-21.34.44:338][  0]LogConfig: Applying CVar settings from Section [ShadingQuality@3] File [C:/Users/brend/Documents/GitHub/WhatsRemembered/Saved/Config/Windows/Scalability.ini]
[2020.11.15-21.34.44:338][  0]LogConfig: Setting CVar [[r.HairStrands.SkyLighting.SampleCount:16]]
[2020.11.15-21.34.44:338][  0]LogConfig: Setting CVar [[r.HairStrands.SkyLighting.JitterIntegration:0]]
[2020.11.15-21.34.44:338][  0]LogConfig: Setting CVar [[r.HairStrands.SkyAO.SampleCount:16]]
[2020.11.15-21.34.44:338][  0]LogConfig: Setting CVar [[r.HairStrands.DeepShadow.SuperSampling:0]]
[2020.11.15-21.34.44:338][  0]LogConfig: Setting CVar [[r.HairStrands.VisibilityPPLL:0]]
[2020.11.15-21.34.44:338][  0]LogConfig: Setting CVar [[r.HairStrands.RasterizationScale:0.5]]
[2020.11.15-21.34.44:338][  0]LogConfig: Setting CVar [[r.HairStrands.VelocityRasterizationScale:1]]
[2020.11.15-21.34.44:338][  0]LogInit: Selected Device Profile: [Windows]
[2020.11.15-21.34.44:338][  0]LogInit: Applying CVar settings loaded from the selected device profile: [Windows]
[2020.11.15-21.34.44:338][  0]LogHAL: Display: Platform has ~ 16 GB [17034620928 / 17179869184 / 16], which maps to Larger [LargestMinGB=32, LargerMinGB=12, DefaultMinGB=8, SmallerMinGB=6, SmallestMinGB=0)
[2020.11.15-21.34.44:338][  0]LogInit: Going up to parent DeviceProfile []
[2020.11.15-21.34.44:338][  0]LogConfig: Applying CVar settings from Section [ViewDistanceQuality@3] File [C:/Users/brend/Documents/GitHub/WhatsRemembered/Saved/Config/Windows/Scalability.ini]
[2020.11.15-21.34.44:338][  0]LogConfig: Setting CVar [[r.SkeletalMeshLODBias:0]]
[2020.11.15-21.34.44:338][  0]LogConfig: Setting CVar [[r.ViewDistanceScale:1.0]]
[2020.11.15-21.34.44:338][  0]LogConfig: Applying CVar settings from Section [AntiAliasingQuality@3] File [C:/Users/brend/Documents/GitHub/WhatsRemembered/Saved/Config/Windows/Scalability.ini]
[2020.11.15-21.34.44:338][  0]LogConfig: Setting CVar [[r.PostProcessAAQuality:4]]
[2020.11.15-21.34.44:338][  0]LogConfig: Applying CVar settings from Section [ShadowQuality@3] File [C:/Users/brend/Documents/GitHub/WhatsRemembered/Saved/Config/Windows/Scalability.ini]
[2020.11.15-21.34.44:338][  0]LogConfig: Setting CVar [[r.LightFunctionQuality:1]]
[2020.11.15-21.34.44:338][  0]LogConfig: Setting CVar [[r.ShadowQuality:5]]
[2020.11.15-21.34.44:338][  0]LogConfig: Setting CVar [[r.Shadow.CSM.MaxCascades:10]]
[2020.11.15-21.34.44:338][  0]LogConfig: Setting CVar [[r.Shadow.MaxResolution:2048]]
[2020.11.15-21.34.44:338][  0]LogConfig: Setting CVar [[r.Shadow.MaxCSMResolution:2048]]
[2020.11.15-21.34.44:338][  0]LogConfig: Setting CVar [[r.Shadow.RadiusThreshold:0.01]]
[2020.11.15-21.34.44:338][  0]LogConfig: Setting CVar [[r.Shadow.DistanceScale:1.0]]
[2020.11.15-21.34.44:338][  0]LogConfig: Setting CVar [[r.Shadow.CSM.TransitionScale:1.0]]
[2020.11.15-21.34.44:338][  0]LogConfig: Setting CVar [[r.Shadow.PreShadowResolutionFactor:1.0]]
[2020.11.15-21.34.44:338][  0]LogConfig: Setting CVar [[r.DistanceFieldShadowing:1]]
[2020.11.15-21.34.44:338][  0]LogConfig: Setting CVar [[r.DistanceFieldAO:1]]
[2020.11.15-21.34.44:338][  0]LogConfig: Setting CVar [[r.AOQuality:2]]
[2020.11.15-21.34.44:338][  0]LogConfig: Setting CVar [[r.VolumetricFog:1]]
[2020.11.15-21.34.44:338][  0]LogConfig: Setting CVar [[r.VolumetricFog.GridPixelSize:8]]
[2020.11.15-21.34.44:338][  0]LogConfig: Setting CVar [[r.VolumetricFog.GridSizeZ:128]]
[2020.11.15-21.34.44:338][  0]LogConfig: Setting CVar [[r.VolumetricFog.HistoryMissSupersampleCount:4]]
[2020.11.15-21.34.44:338][  0]LogConfig: Setting CVar [[r.LightMaxDrawDistanceScale:1]]
[2020.11.15-21.34.44:338][  0]LogConfig: Setting CVar [[r.CapsuleShadows:1]]
[2020.11.15-21.34.44:338][  0]LogConfig: Applying CVar settings from Section [PostProcessQuality@3] File [C:/Users/brend/Documents/GitHub/WhatsRemembered/Saved/Config/Windows/Scalability.ini]
[2020.11.15-21.34.44:338][  0]LogConfig: Setting CVar [[r.MotionBlurQuality:4]]
[2020.11.15-21.34.44:338][  0]LogConfig: Setting CVar [[r.AmbientOcclusionMipLevelFactor:0.4]]
[2020.11.15-21.34.44:338][  0]LogConfig: Setting CVar [[r.AmbientOcclusionMaxQuality:100]]
[2020.11.15-21.34.44:338][  0]LogConfig: Setting CVar [[r.AmbientOcclusionLevels:-1]]
[2020.11.15-21.34.44:338][  0]LogConfig: Setting CVar [[r.AmbientOcclusionRadiusScale:1.0]]
[2020.11.15-21.34.44:338][  0]LogConfig: Setting CVar [[r.DepthOfFieldQuality:2]]
[2020.11.15-21.34.44:338][  0]LogConfig: Setting CVar [[r.RenderTargetPoolMin:400]]
[2020.11.15-21.34.44:338][  0]LogConfig: Setting CVar [[r.LensFlareQuality:2]]
[2020.11.15-21.34.44:338][  0]LogConfig: Setting CVar [[r.SceneColorFringeQuality:1]]
[2020.11.15-21.34.44:338][  0]LogConfig: Setting CVar [[r.EyeAdaptationQuality:2]]
[2020.11.15-21.34.44:338][  0]LogConfig: Setting CVar [[r.BloomQuality:5]]
[2020.11.15-21.34.44:338][  0]LogConfig: Setting CVar [[r.FastBlurThreshold:100]]
[2020.11.15-21.34.44:338][  0]LogConfig: Setting CVar [[r.Upscale.Quality:3]]
[2020.11.15-21.34.44:338][  0]LogConfig: Setting CVar [[r.Tonemapper.GrainQuantization:1]]
[2020.11.15-21.34.44:338][  0]LogConfig: Setting CVar [[r.LightShaftQuality:1]]
[2020.11.15-21.34.44:338][  0]LogConfig: Setting CVar [[r.Filter.SizeScale:1]]
[2020.11.15-21.34.44:338][  0]LogConfig: Setting CVar [[r.Tonemapper.Quality:5]]
[2020.11.15-21.34.44:338][  0]LogConfig: Setting CVar [[r.DOF.Gather.AccumulatorQuality:1        ; higher gathering accumulator quality]]
[2020.11.15-21.34.44:338][  0]LogConfig: Setting CVar [[r.DOF.Gather.PostfilterMethod:1          ; Median3x3 postfilering method]]
[2020.11.15-21.34.44:338][  0]LogConfig: Setting CVar [[r.DOF.Gather.EnableBokehSettings:0       ; no bokeh simulation when gathering]]
[2020.11.15-21.34.44:338][  0]LogConfig: Setting CVar [[r.DOF.Gather.RingCount:4                 ; medium number of samples when gathering]]
[2020.11.15-21.34.44:338][  0]LogConfig: Setting CVar [[r.DOF.Scatter.ForegroundCompositing:1    ; additive foreground scattering]]
[2020.11.15-21.34.44:338][  0]LogConfig: Setting CVar [[r.DOF.Scatter.BackgroundCompositing:2    ; additive background scattering]]
[2020.11.15-21.34.44:338][  0]LogConfig: Setting CVar [[r.DOF.Scatter.EnableBokehSettings:1      ; bokeh simulation when scattering]]
[2020.11.15-21.34.44:338][  0]LogConfig: Setting CVar [[r.DOF.Scatter.MaxSpriteRatio:0.1         ; only a maximum of 10% of scattered bokeh]]
[2020.11.15-21.34.44:338][  0]LogConfig: Setting CVar [[r.DOF.Recombine.Quality:1                ; cheap slight out of focus]]
[2020.11.15-21.34.44:338][  0]LogConfig: Setting CVar [[r.DOF.Recombine.EnableBokehSettings:0    ; no bokeh simulation on slight out of focus]]
[2020.11.15-21.34.44:338][  0]LogConfig: Setting CVar [[r.DOF.TemporalAAQuality:1                ; more stable temporal accumulation]]
[2020.11.15-21.34.44:338][  0]LogConfig: Setting CVar [[r.DOF.Kernel.MaxForegroundRadius:0.025]]
[2020.11.15-21.34.44:338][  0]LogConfig: Setting CVar [[r.DOF.Kernel.MaxBackgroundRadius:0.025]]
[2020.11.15-21.34.44:338][  0]LogConfig: Applying CVar settings from Section [TextureQuality@3] File [C:/Users/brend/Documents/GitHub/WhatsRemembered/Saved/Config/Windows/Scalability.ini]
[2020.11.15-21.34.44:338][  0]LogConfig: Setting CVar [[r.Streaming.MipBias:0]]
[2020.11.15-21.34.44:338][  0]LogConfig: Setting CVar [[r.Streaming.AmortizeCPUToGPUCopy:0]]
[2020.11.15-21.34.44:338][  0]LogConfig: Setting CVar [[r.Streaming.MaxNumTexturesToStreamPerFrame:0]]
[2020.11.15-21.34.44:338][  0]LogConfig: Setting CVar [[r.Streaming.Boost:1]]
[2020.11.15-21.34.44:338][  0]LogConfig: Setting CVar [[r.MaxAnisotropy:8]]
[2020.11.15-21.34.44:338][  0]LogConfig: Setting CVar [[r.VT.MaxAnisotropy:8]]
[2020.11.15-21.34.44:338][  0]LogConfig: Setting CVar [[r.Streaming.LimitPoolSizeToVRAM:0]]
[2020.11.15-21.34.44:338][  0]LogConfig: Setting CVar [[r.Streaming.PoolSize:1000]]
[2020.11.15-21.34.44:338][  0]LogConfig: Setting CVar [[r.Streaming.MaxEffectiveScreenSize:0]]
[2020.11.15-21.34.44:338][  0]LogConfig: Applying CVar settings from Section [EffectsQuality@3] File [C:/Users/brend/Documents/GitHub/WhatsRemembered/Saved/Config/Windows/Scalability.ini]
[2020.11.15-21.34.44:338][  0]LogConfig: Setting CVar [[r.TranslucencyLightingVolumeDim:64]]
[2020.11.15-21.34.44:338][  0]LogConfig: Setting CVar [[r.RefractionQuality:2]]
[2020.11.15-21.34.44:338][  0]LogConfig: Setting CVar [[r.SSR.Quality:3]]
[2020.11.15-21.34.44:338][  0]LogConfig: Setting CVar [[r.SSR.HalfResSceneColor:0]]
[2020.11.15-21.34.44:338][  0]LogConfig: Setting CVar [[r.SceneColorFormat:4]]
[2020.11.15-21.34.44:338][  0]LogConfig: Setting CVar [[r.DetailMode:2]]
[2020.11.15-21.34.44:338][  0]LogConfig: Setting CVar [[r.TranslucencyVolumeBlur:1]]
[2020.11.15-21.34.44:338][  0]LogConfig: Setting CVar [[r.MaterialQualityLevel:1 ; High quality]]
[2020.11.15-21.34.44:338][  0]LogConfig: Setting CVar [[r.SSS.Scale:1]]
[2020.11.15-21.34.44:338][  0]LogConfig: Setting CVar [[r.SSS.SampleSet:2]]
[2020.11.15-21.34.44:338][  0]LogConfig: Setting CVar [[r.SSS.Quality:1]]
[2020.11.15-21.34.44:338][  0]LogConfig: Setting CVar [[r.SSS.HalfRes:0]]
[2020.11.15-21.34.44:338][  0]LogConfig: Setting CVar [[r.SSGI.Quality:3]]
[2020.11.15-21.34.44:339][  0]LogConfig: Setting CVar [[r.EmitterSpawnRateScale:1.0]]
[2020.11.15-21.34.44:339][  0]LogConfig: Setting CVar [[r.ParticleLightQuality:2]]
[2020.11.15-21.34.44:339][  0]LogConfig: Setting CVar [[r.SkyAtmosphere.AerialPerspectiveLUT.FastApplyOnOpaque:1 ; Always have FastSkyLUT 1 in this case to avoid wrong sky]]
[2020.11.15-21.34.44:339][  0]LogConfig: Setting CVar [[r.SkyAtmosphere.AerialPerspectiveLUT.SampleCountPerSlice:1]]
[2020.11.15-21.34.44:339][  0]LogConfig: Setting CVar [[r.SkyAtmosphere.AerialPerspectiveLUT.DepthResolution:16.0]]
[2020.11.15-21.34.44:339][  0]LogConfig: Setting CVar [[r.SkyAtmosphere.FastSkyLUT:1]]
[2020.11.15-21.34.44:339][  0]LogConfig: Setting CVar [[r.SkyAtmosphere.FastSkyLUT.SampleCountMin:4.0]]
[2020.11.15-21.34.44:339][  0]LogConfig: Setting CVar [[r.SkyAtmosphere.FastSkyLUT.SampleCountMax:32.0]]
[2020.11.15-21.34.44:339][  0]LogConfig: Setting CVar [[r.SkyAtmosphere.SampleCountMin:4.0]]
[2020.11.15-21.34.44:339][  0]LogConfig: Setting CVar [[r.SkyAtmosphere.SampleCountMax:32.0]]
[2020.11.15-21.34.44:339][  0]LogConfig: Setting CVar [[r.SkyAtmosphere.TransmittanceLUT.UseSmallFormat:0]]
[2020.11.15-21.34.44:339][  0]LogConfig: Setting CVar [[r.SkyAtmosphere.TransmittanceLUT.SampleCount:10.0]]
[2020.11.15-21.34.44:339][  0]LogConfig: Setting CVar [[r.SkyAtmosphere.MultiScatteringLUT.SampleCount:15.0]]
[2020.11.15-21.34.44:339][  0]LogConfig: Applying CVar settings from Section [FoliageQuality@3] File [C:/Users/brend/Documents/GitHub/WhatsRemembered/Saved/Config/Windows/Scalability.ini]
[2020.11.15-21.34.44:339][  0]LogConfig: Setting CVar [[foliage.DensityScale:1.0]]
[2020.11.15-21.34.44:339][  0]LogConfig: Setting CVar [[grass.DensityScale:1.0]]
[2020.11.15-21.34.44:339][  0]LogConfig: Applying CVar settings from Section [ShadingQuality@3] File [C:/Users/brend/Documents/GitHub/WhatsRemembered/Saved/Config/Windows/Scalability.ini]
[2020.11.15-21.34.44:339][  0]LogConfig: Setting CVar [[r.HairStrands.SkyLighting.SampleCount:16]]
[2020.11.15-21.34.44:339][  0]LogConfig: Setting CVar [[r.HairStrands.SkyLighting.JitterIntegration:0]]
[2020.11.15-21.34.44:339][  0]LogConfig: Setting CVar [[r.HairStrands.SkyAO.SampleCount:16]]
[2020.11.15-21.34.44:339][  0]LogConfig: Setting CVar [[r.HairStrands.DeepShadow.SuperSampling:0]]
[2020.11.15-21.34.44:339][  0]LogConfig: Setting CVar [[r.HairStrands.VisibilityPPLL:0]]
[2020.11.15-21.34.44:339][  0]LogConfig: Setting CVar [[r.HairStrands.RasterizationScale:0.5]]
[2020.11.15-21.34.44:339][  0]LogConfig: Setting CVar [[r.HairStrands.VelocityRasterizationScale:1]]
[2020.11.15-21.34.44:339][  0]LogConfig: Applying CVar settings from Section [Startup] File [../../../Engine/Config/ConsoleVariables.ini]
[2020.11.15-21.34.44:339][  0]LogConfig: Setting CVar [[net.UseAdaptiveNetUpdateFrequency:0]]
[2020.11.15-21.34.44:339][  0]LogConfig: Setting CVar [[p.chaos.AllowCreatePhysxBodies:1]]
[2020.11.15-21.34.44:339][  0]LogConfig: Setting CVar [[fx.SkipVectorVMBackendOptimizations:1]]
[2020.11.15-21.34.44:339][  0]LogConfig: Applying CVar settings from Section [ConsoleVariables] File [C:/Users/brend/Documents/GitHub/WhatsRemembered/Saved/Config/Windows/Engine.ini]
[2020.11.15-21.34.44:339][  0]LogInit: Computer: LAPTOP-0SC4ADV7
[2020.11.15-21.34.44:339][  0]LogInit: User: brend
[2020.11.15-21.34.44:339][  0]LogInit: CPU Page size=4096, Cores=6
[2020.11.15-21.34.44:339][  0]LogInit: High frequency timer resolution =10.000000 MHz
[2020.11.15-21.34.44:339][  0]LogMemory: Memory total: Physical=15.9GB (16GB approx)
[2020.11.15-21.34.44:339][  0]LogMemory: Platform Memory Stats for Windows
[2020.11.15-21.34.44:339][  0]LogMemory: Process Physical Memory: 115.74 MB used, 115.74 MB peak
[2020.11.15-21.34.44:339][  0]LogMemory: Process Virtual Memory: 105.07 MB used, 105.07 MB peak
[2020.11.15-21.34.44:339][  0]LogMemory: Physical Memory: 13513.30 MB used,  2732.18 MB free, 16245.48 MB total
[2020.11.15-21.34.44:339][  0]LogMemory: Virtual Memory: 5176.57 MB used,  134212552.00 MB free, 134217728.00 MB total
[2020.11.15-21.34.44:343][  0]LogWindows: WindowsPlatformFeatures enabled
[2020.11.15-21.34.44:379][  0]LogInit: Physics initialised using underlying interface: PhysX
[2020.11.15-21.34.44:381][  0]LogInit: Using OS detected language (en-US).
[2020.11.15-21.34.44:381][  0]LogInit: Using OS detected locale (en-US).
[2020.11.15-21.34.44:383][  0]LogTextLocalizationManager: No specific localization for 'en-US' exists, so the 'en' localization will be used.
[2020.11.15-21.34.44:518][  0]LogInit: Setting process to per monitor DPI aware
[2020.11.15-21.34.44:567][  0]LogSlate: New Slate User Created.  User Index 0, Is Virtual User: 0
[2020.11.15-21.34.44:567][  0]LogSlate: Slate User Registered.  User Index 0, Is Virtual User: 0
[2020.11.15-21.34.44:683][  0]LogHMD: Failed to initialize OpenVR with code 110
[2020.11.15-21.34.44:683][  0]LogD3D11RHI: D3D11 min allowed feature level: 11_0
[2020.11.15-21.34.44:683][  0]LogD3D11RHI: D3D11 max allowed feature level: 11_0
[2020.11.15-21.34.44:683][  0]LogD3D11RHI: D3D11 adapters:
[2020.11.15-21.34.44:760][  0]LogD3D11RHI:    0. 'NVIDIA GeForce RTX 2060' (Feature Level 11_0)
[2020.11.15-21.34.44:760][  0]LogD3D11RHI:       5980/0/8122 MB DedicatedVideo/DedicatedSystem/SharedSystem, Outputs:1, VendorId:0x10de
[2020.11.15-21.34.44:791][  0]LogD3D11RHI:    1. 'Intel(R) UHD Graphics' (Feature Level 11_0)
[2020.11.15-21.34.44:791][  0]LogD3D11RHI:       128/0/8122 MB DedicatedVideo/DedicatedSystem/SharedSystem, Outputs:0, VendorId:0x8086
[2020.11.15-21.34.44:793][  0]LogD3D11RHI:    2. 'Microsoft Basic Render Driver' (Feature Level 11_0)
[2020.11.15-21.34.44:793][  0]LogD3D11RHI:       0/0/8122 MB DedicatedVideo/DedicatedSystem/SharedSystem, Outputs:0, VendorId:0x1414
[2020.11.15-21.34.44:793][  0]LogD3D11RHI: Chosen D3D11 Adapter: 0
[2020.11.15-21.34.44:800][  0]LogD3D11RHI: Creating new Direct3DDevice
[2020.11.15-21.34.44:801][  0]LogD3D11RHI:     GPU DeviceId: 0x1f15 (for the marketing name, search the web for "GPU Device Id")
[2020.11.15-21.34.44:801][  0]LogWindows: EnumDisplayDevices:
[2020.11.15-21.34.44:801][  0]LogWindows:    0. 'Intel(R) UHD Graphics' (P:0 D:0)
[2020.11.15-21.34.44:801][  0]LogWindows:    1. 'Intel(R) UHD Graphics' (P:0 D:0)
[2020.11.15-21.34.44:801][  0]LogWindows:    2. 'Intel(R) UHD Graphics' (P:0 D:0)
[2020.11.15-21.34.44:801][  0]LogWindows:    3. 'NVIDIA GeForce RTX 2060' (P:1 D:1)
[2020.11.15-21.34.44:801][  0]LogWindows:    4. 'NVIDIA GeForce RTX 2060' (P:0 D:0)
[2020.11.15-21.34.44:801][  0]LogWindows:    5. 'NVIDIA GeForce RTX 2060' (P:0 D:0)
[2020.11.15-21.34.44:802][  0]LogWindows:    6. 'NVIDIA GeForce RTX 2060' (P:0 D:0)
[2020.11.15-21.34.44:802][  0]LogWindows: DebugString: PrimaryIsNotTheChoosenAdapter PrimaryIsNotTheChoosenAdapter PrimaryIsNotTheChoosenAdapter FoundDriverCount:4 
[2020.11.15-21.34.44:802][  0]LogD3D11RHI:     Adapter Name: NVIDIA GeForce RTX 2060
[2020.11.15-21.34.44:802][  0]LogD3D11RHI:   Driver Version: 456.55 (internal:27.21.14.5655, unified:456.55)
[2020.11.15-21.34.44:802][  0]LogD3D11RHI:      Driver Date: 9-24-2020
[2020.11.15-21.34.44:802][  0]LogRHI: Texture pool is 4186 MB (70% of 5980 MB)
[2020.11.15-21.34.44:846][  0]LogD3D11RHI: RHI has support for 64 bit atomics
[2020.11.15-21.34.44:848][  0]LogD3D11RHI: [Aftermath] Enabled and primed
[2020.11.15-21.34.44:848][  0]LogD3D11RHI: Async texture creation enabled
[2020.11.15-21.34.44:848][  0]LogD3D11RHI: Array index from any shader is supported
[2020.11.15-21.34.44:867][  0]LogD3D11RHI: GPU Timing Frequency: 1000.000000 (Debug: 2 2)
[2020.11.15-21.34.45:093][  0]LogTargetPlatformManager: Display: Loaded TargetPlatform 'AllDesktop'
[2020.11.15-21.34.45:110][  0]LogTargetPlatformManager: Display: Loaded TargetPlatform 'Android'
[2020.11.15-21.34.45:110][  0]LogTargetPlatformManager: Display: Loaded TargetPlatform 'Android_ASTC'
[2020.11.15-21.34.45:110][  0]LogTargetPlatformManager: Display: Loaded TargetPlatform 'Android_DXT'
[2020.11.15-21.34.45:110][  0]LogTargetPlatformManager: Display: Loaded TargetPlatform 'Android_ETC2'
[2020.11.15-21.34.45:110][  0]LogTargetPlatformManager: Display: Loaded TargetPlatform 'AndroidClient'
[2020.11.15-21.34.45:110][  0]LogTargetPlatformManager: Display: Loaded TargetPlatform 'Android_ASTCClient'
[2020.11.15-21.34.45:110][  0]LogTargetPlatformManager: Display: Loaded TargetPlatform 'Android_DXTClient'
[2020.11.15-21.34.45:110][  0]LogTargetPlatformManager: Display: Loaded TargetPlatform 'Android_ETC2Client'
[2020.11.15-21.34.45:110][  0]LogTargetPlatformManager: Display: Loaded TargetPlatform 'Android_Multi'
[2020.11.15-21.34.45:110][  0]LogTargetPlatformManager: Display: Loaded TargetPlatform 'Android_MultiClient'
[2020.11.15-21.34.45:130][  0]LogTargetPlatformManager: Display: Loaded TargetPlatform 'IOSClient'
[2020.11.15-21.34.45:130][  0]LogTargetPlatformManager: Display: Loaded TargetPlatform 'IOS'
[2020.11.15-21.34.45:138][  0]LogTargetPlatformManager: Display: Loaded TargetPlatform 'Linux'
[2020.11.15-21.34.45:145][  0]LogTargetPlatformManager: Display: Loaded TargetPlatform 'LinuxNoEditor'
[2020.11.15-21.34.45:152][  0]LogTargetPlatformManager: Display: Loaded TargetPlatform 'LinuxClient'
[2020.11.15-21.34.45:159][  0]LogTargetPlatformManager: Display: Loaded TargetPlatform 'LinuxServer'
[2020.11.15-21.34.45:166][  0]LogTargetPlatformManager: Display: Loaded TargetPlatform 'LinuxAArch64NoEditor'
[2020.11.15-21.34.45:173][  0]LogTargetPlatformManager: Display: Loaded TargetPlatform 'LinuxAArch64Client'
[2020.11.15-21.34.45:180][  0]LogTargetPlatformManager: Display: Loaded TargetPlatform 'LinuxAArch64Server'
[2020.11.15-21.34.45:200][  0]LogTargetPlatformManager: Display: Loaded TargetPlatform 'Lumin'
[2020.11.15-21.34.45:200][  0]LogTargetPlatformManager: Display: Loaded TargetPlatform 'LuminClient'
[2020.11.15-21.34.45:212][  0]LogTargetPlatformManager: Display: Loaded TargetPlatform 'TVOSClient'
[2020.11.15-21.34.45:212][  0]LogTargetPlatformManager: Display: Loaded TargetPlatform 'TVOS'
[2020.11.15-21.34.45:219][  0]LogTargetPlatformManager: Display: Loaded TargetPlatform 'WindowsNoEditor'
[2020.11.15-21.34.45:226][  0]LogTargetPlatformManager: Display: Loaded TargetPlatform 'Windows'
[2020.11.15-21.34.45:235][  0]LogTargetPlatformManager: Display: Loaded TargetPlatform 'WindowsClient'
[2020.11.15-21.34.45:242][  0]LogTargetPlatformManager: Display: Loaded TargetPlatform 'WindowsServer'
[2020.11.15-21.34.45:242][  0]LogTargetPlatformManager: Display: Building Assets For Windows
[2020.11.15-21.34.45:247][  0]LogAudioDebug: Display: Lib vorbis DLL was dynamically loaded.
[2020.11.15-21.34.45:288][  0]LogShaderCompilers: Guid format shader working directory is -17 characters bigger than the processId version (../../../../../../Users/brend/Documents/GitHub/WhatsRemembered/Intermediate/Shaders/WorkingDirectory/41888/).
[2020.11.15-21.34.45:288][  0]LogShaderCompilers: Cleaned the shader compiler working directory 'C:/Users/brend/AppData/Local/Temp/UnrealShaderWorkingDir/5692EA5E43EA5A2B57AAAE80D8C37AFA/'.
[2020.11.15-21.34.45:289][  0]LogXGEController: Cleaning working directory: C:/Users/brend/AppData/Local/Temp/UnrealXGEWorkingDir/
[2020.11.15-21.34.45:289][  0]LogXGEController: Cannot use XGE Controller as Incredibuild is not installed on this machine.
[2020.11.15-21.34.45:289][  0]LogShaderCompilers: Cannot use XGE Shader Compiler as Incredibuild is not installed on this machine.
[2020.11.15-21.34.45:289][  0]LogShaderCompilers: Display: Using Local Shader Compiler.
[2020.11.15-21.34.45:935][  0]LogDerivedDataCache: Display: Max Cache Size: 512 MB
[2020.11.15-21.34.45:977][  0]LogDerivedDataCache: Loaded boot cache 0.04s 76MB C:/Users/brend/AppData/Local/UnrealEngine/4.25/DerivedDataCache/Boot.ddc.
[2020.11.15-21.34.45:977][  0]LogDerivedDataCache: Display: Loaded Boot cache: C:/Users/brend/AppData/Local/UnrealEngine/4.25/DerivedDataCache/Boot.ddc
[2020.11.15-21.34.45:977][  0]LogDerivedDataCache: FDerivedDataBackendGraph:  Pak pak cache file ../../../../../../Users/brend/Documents/GitHub/WhatsRemembered/DerivedDataCache/DDC.ddp not found, will not use a pak cache.
[2020.11.15-21.34.45:977][  0]LogDerivedDataCache: Unable to find inner node Pak for hierarchical cache Hierarchy.
[2020.11.15-21.34.45:977][  0]LogDerivedDataCache: FDerivedDataBackendGraph:  CompressedPak pak cache file ../../../../../../Users/brend/Documents/GitHub/WhatsRemembered/DerivedDataCache/Compressed.ddp not found, will not use a pak cache.
[2020.11.15-21.34.45:977][  0]LogDerivedDataCache: Unable to find inner node CompressedPak for hierarchical cache Hierarchy.
[2020.11.15-21.34.45:986][  0]LogDerivedDataCache: Display: Pak cache opened for reading ../../../Engine/DerivedDataCache/Compressed.ddp.
[2020.11.15-21.34.45:986][  0]LogDerivedDataCache: FDerivedDataBackendGraph:  EnterprisePak pak cache file ../../../Enterprise/DerivedDataCache/Compressed.ddp not found, will not use a pak cache.
[2020.11.15-21.34.45:986][  0]LogDerivedDataCache: Unable to find inner node EnterprisePak for hierarchical cache Hierarchy.
[2020.11.15-21.34.45:986][  0]LogDerivedDataCache: Using Local data cache path C:/Users/brend/AppData/Local/UnrealEngine/Common/DerivedDataCache: Writable
[2020.11.15-21.34.45:986][  0]LogDerivedDataCache: Shared data cache path not found in *engine.ini, will not use an Shared cache.
[2020.11.15-21.34.45:986][  0]LogDerivedDataCache: Unable to find inner node Shared for hierarchical cache Hierarchy.
[2020.11.15-21.34.46:030][  0]LogSlate: Using FreeType 2.10.0
[2020.11.15-21.34.46:030][  0]LogSlate: SlateFontServices - WITH_FREETYPE: 1, WITH_HARFBUZZ: 1
[2020.11.15-21.34.46:051][  0]LogAssetRegistry: FAssetRegistry took 0.0020 seconds to start up
[2020.11.15-21.34.46:236][  0]LogInit: Selected Device Profile: [Windows]
[2020.11.15-21.34.46:328][  0]LogMeshReduction: Using QuadricMeshReduction for automatic static mesh reduction
[2020.11.15-21.34.46:328][  0]LogMeshReduction: Using SimplygonMeshReduction for automatic skeletal mesh reduction
[2020.11.15-21.34.46:328][  0]LogMeshReduction: Using ProxyLODMeshReduction for automatic mesh merging
[2020.11.15-21.34.46:328][  0]LogMeshReduction: No distributed automatic mesh merging module available
[2020.11.15-21.34.46:328][  0]LogMeshMerging: No distributed automatic mesh merging module available
[2020.11.15-21.34.46:364][  0]LogNetVersion: WhatsRemembered 1.0.0, NetCL: 13144385, EngineNetVer: 14, GameNetVer: 0 (Checksum: 3525252882)
[2020.11.15-21.34.46:737][  0]LogAISub: UAISubsystem::UAISubsystem AISubsystem (000001E391369BC0), frame # 0
[2020.11.15-21.34.46:737][  0]LogAISub: UAISubsystem::UAISubsystem AIPerceptionSystem (000001E3912C51C0), frame # 0
[2020.11.15-21.34.46:738][  0]LogAISub: UAISubsystem::UAISubsystem EnvQueryManager (000001E391319E00), frame # 0
[2020.11.15-21.34.46:791][  0]LogPackageLocalizationCache: Processed 21 localized package path(s) for 1 prioritized culture(s) in 0.048164 seconds
[2020.11.15-21.34.46:795][  0]LogUObjectArray: 15917 objects as part of root set at end of initial load.
[2020.11.15-21.34.46:795][  0]LogUObjectAllocator: 3965568 out of 0 bytes used by permanent object pool.
[2020.11.15-21.34.46:795][  0]LogUObjectArray: CloseDisregardForGC: 0/0 objects in disregard for GC pool
[2020.11.15-21.34.46:971][  0]LogPython: Using Python 2.7.14
[2020.11.15-21.34.47:641][  0]LogTcpMessaging: Initializing TcpMessaging bridge
[2020.11.15-21.34.47:644][  0]LogUdpMessaging: Initializing bridge on interface 0.0.0.0:0 to multicast group 230.0.0.1:6666.
[2020.11.15-21.34.47:718][  0]SourceControl: Source control is disabled
[2020.11.15-21.34.47:718][  0]SourceControl: Source control is disabled
[2020.11.15-21.34.47:720][  0]SourceControl: Source control is disabled
[2020.11.15-21.34.47:722][  0]SourceControl: Source control is disabled
[2020.11.15-21.34.47:727][  0]SourceControl: Source control is disabled
[2020.11.15-21.34.47:888][  0]LogConsoleManager: Warning: Console object named 'p.NetEnableSkipProxyPredictionOnNetUpdate' already exists but is being registered again, but we weren't expected it to be! (FConsoleManager::AddConsoleObject)
[2020.11.15-21.34.47:888][  0]LogConsoleManager: Warning: Console object named 'p.NetShowCorrections' already exists but is being registered again, but we weren't expected it to be! (FConsoleManager::AddConsoleObject)
[2020.11.15-21.34.47:888][  0]LogConsoleManager: Warning: Console object named 'p.NetCorrectionLifetime' already exists but is being registered again, but we weren't expected it to be! (FConsoleManager::AddConsoleObject)
[2020.11.15-21.34.47:966][  0]LogAndroidPermission: UAndroidPermissionCallbackProxy::GetInstance
[2020.11.15-21.34.47:993][  0]LogAudioCaptureCore: Display: No Audio Capture implementations found. Audio input will be silent.
[2020.11.15-21.34.47:993][  0]LogAudioCaptureCore: Display: No Audio Capture implementations found. Audio input will be silent.
[2020.11.15-21.34.48:071][  0]LogOcInput: OculusInput pre-init called
[2020.11.15-21.34.48:080][  0]LogWindows: Failed to load 'OVRPlugin.dll' (GetLastError=126)
[2020.11.15-21.34.48:080][  0]LogWindows: File 'OVRPlugin.dll' does not exist
[2020.11.15-21.34.48:151][  0]LogEngine: Initializing Engine...
[2020.11.15-21.34.48:152][  0]LogHMD: Failed to initialize OpenVR with code 110
[2020.11.15-21.34.48:152][  0]LogMagicLeap: Warning: VR disabled because ZI is not enabled.  To enable, in the editor, Edit -> Project Settings -> Plugins -> Magic Leap Plugin -> Enable Zero Iteration
[2020.11.15-21.34.48:153][  0]LogStats: UGameplayTagsManager::InitializeManager -  0.000 s
[2020.11.15-21.34.48:251][  0]LogInit: Initializing FReadOnlyCVARCache
[2020.11.15-21.34.48:258][  0]LogAIModule: Creating AISystem for world Untitled
[2020.11.15-21.34.48:258][  0]LogAISub: UAISubsystem::UAISubsystem EnvQueryManager (000001E39BF49C00), frame # 0
[2020.11.15-21.34.48:258][  0]LogAISub: UAISubsystem::UAISubsystem AIPerceptionSystem (000001E39BF17600), frame # 0
[2020.11.15-21.34.48:274][  0]LogAudioMixer: Display: Audio Mixer Platform Settings:
[2020.11.15-21.34.48:274][  0]LogAudioMixer: Display: 	Sample Rate:						  48000
[2020.11.15-21.34.48:274][  0]LogAudioMixer: Display: 	Callback Buffer Frame Size Requested: 1024
[2020.11.15-21.34.48:274][  0]LogAudioMixer: Display: 	Callback Buffer Frame Size To Use:	  1024
[2020.11.15-21.34.48:274][  0]LogAudioMixer: Display: 	Number of buffers to queue:			  2
[2020.11.15-21.34.48:274][  0]LogAudioMixer: Display: 	Max Channels (voices):				  32
[2020.11.15-21.34.48:274][  0]LogAudioMixer: Display: 	Number of Async Source Workers:		  0
[2020.11.15-21.34.48:274][  0]LogAudio: Display: AudioDevice MaxSources: 32
[2020.11.15-21.34.48:274][  0]LogAudio: Display: Using built-in audio occlusion.
[2020.11.15-21.34.48:274][  0]LogAudioMixer: Display: Initializing audio mixer.
[2020.11.15-21.34.48:287][  0]LogAudioMixer: Display: 0: FrontLeft
[2020.11.15-21.34.48:287][  0]LogAudioMixer: Display: 1: FrontRight
[2020.11.15-21.34.48:314][  0]LogAudioMixer: Display: Using Audio Device Speakers (Realtek(R) Audio)
[2020.11.15-21.34.48:316][  0]LogAudioMixer: Display: Initializing Sound Submixes...
[2020.11.15-21.34.48:318][  0]LogAudioMixer: Display: Creating Master Submix 'MasterSubmixDefault'
[2020.11.15-21.34.48:318][  0]LogAudioMixer: Display: Creating Master Submix 'MasterReverbSubmixDefault'
[2020.11.15-21.34.48:319][  0]LogAudioMixer: Display: Creating Master Submix 'MasterEQSubmixDefault'
[2020.11.15-21.34.48:319][  0]LogInit: FAudioDevice initialized.
[2020.11.15-21.34.48:320][  0]LogNetVersion: Set ProjectVersion to 1.0.0.0. Version Checksum will be recalculated on next use.
[2020.11.15-21.34.48:358][  0]LogDerivedDataCache: Saved boot cache 0.04s 76MB C:/Users/brend/AppData/Local/UnrealEngine/4.25/DerivedDataCache/Boot.ddc.
[2020.11.15-21.34.48:362][  0]LogInit: Texture streaming: Enabled
[2020.11.15-21.34.48:372][  0]LogEngineSessionManager: EngineSessionManager initialized
[2020.11.15-21.34.48:373][  0]LogEditorSessionSummary: Verbose: Initializing EditorSessionSummaryWriter for editor session tracking
[2020.11.15-21.34.48:374][  0]LogEditorSessionSummary: EditorSessionSummaryWriter initialized
[2020.11.15-21.34.48:437][  0]LogInit: Transaction tracking system initialized
[2020.11.15-21.34.48:453][  0]BlueprintLog: New page: Editor Load
[2020.11.15-21.34.48:511][  0]LocalizationService: Localization service is disabled
[2020.11.15-21.34.48:631][  0]LogCook: Display: Max memory allowance for cook 16384mb min free memory 0mb
[2020.11.15-21.34.48:631][  0]LogCook: Display: Mobile HDR setting 1
[2020.11.15-21.34.48:749][  0]LogFileCache: Scanning file cache for directory 'C:/Users/brend/Documents/GitHub/WhatsRemembered/Content/' took 0.01s
[2020.11.15-21.34.48:918][  0]SourceControl: Source control is disabled
[2020.11.15-21.34.48:918][  0]LogUnrealEdMisc: Loading editor; pre map load, took 5.862
[2020.11.15-21.34.48:918][  0]Cmd: MAP LOAD FILE="../../../../../../Users/brend/Documents/GitHub/WhatsRemembered/Content/Levels/Primary.umap" TEMPLATE=0 SHOWPROGRESS=1 FEATURELEVEL=3
[2020.11.15-21.34.48:919][  0]LightingResults: New page: Lighting Build
[2020.11.15-21.34.48:920][  0]LogWorld: UWorld::CleanupWorld for Untitled, bSessionEnded=true, bCleanupResources=true
[2020.11.15-21.34.48:920][  0]LogSlate: InvalidateAllWidgets triggered.  All widgets were invalidated
[2020.11.15-21.34.48:920][  0]MapCheck: New page: Map Check
[2020.11.15-21.34.48:920][  0]LightingResults: New page: Lighting Build
[2020.11.15-21.34.48:931][  0]LogAISub: UAISubsystem::~UAISubsystem EnvQueryManager (000001E39BF49C00), frame # 0
[2020.11.15-21.34.48:931][  0]LogAISub: UAISubsystem::~UAISubsystem AIPerceptionSystem (000001E39BF17600), frame # 0
[2020.11.15-21.34.48:932][  0]LogUObjectHash: Compacting FUObjectHashTables data took   0.64ms
[2020.11.15-21.34.49:564][  0]LogAIModule: Creating AISystem for world Primary
[2020.11.15-21.34.49:565][  0]LogAISub: UAISubsystem::UAISubsystem EnvQueryManager (000001E382C7BE00), frame # 0
[2020.11.15-21.34.49:565][  0]LogAISub: UAISubsystem::UAISubsystem AIPerceptionSystem (000001E38702D440), frame # 0
[2020.11.15-21.34.49:572][  0]PIE: Warning: Trying to simulate physics on ''/Game/Levels/Primary.Primary:PersistentLevel.Physic_Door2.Door_Cube_061'' but it has ComplexAsSimple collision.
[2020.11.15-21.34.49:572][  0]PIE: Warning: Trying to simulate physics on ''/Game/Levels/Primary.Primary:PersistentLevel.Physic_Door_2.Door_Cube_061'' but it has ComplexAsSimple collision.
[2020.11.15-21.34.49:588][  0]PIE: Warning: Trying to simulate physics on ''/Game/Levels/Primary.Primary:PersistentLevel.Physic_Door2.Door_Cube_061'' but it has ComplexAsSimple collision.
[2020.11.15-21.34.49:589][  0]PIE: Warning: Trying to simulate physics on ''/Game/Levels/Primary.Primary:PersistentLevel.Physic_Door2.Door_Cube_061'' but it has ComplexAsSimple collision.
[2020.11.15-21.34.49:589][  0]PIE: Warning: Trying to simulate physics on ''/Game/Levels/Primary.Primary:PersistentLevel.Physic_Door_2.Door_Cube_061'' but it has ComplexAsSimple collision.
[2020.11.15-21.34.49:590][  0]PIE: Warning: Trying to simulate physics on ''/Game/Levels/Primary.Primary:PersistentLevel.Physic_Door_2.Door_Cube_061'' but it has ComplexAsSimple collision.
[2020.11.15-21.34.49:593][  0]LogEditorServer: Finished looking for orphan Actors (0.000 secs)
[2020.11.15-21.34.49:609][  0]LogUObjectHash: Compacting FUObjectHashTables data took   0.87ms
[2020.11.15-21.34.49:609][  0]Cmd: MAP CHECKDEP NOCLEARLOG
[2020.11.15-21.34.49:609][  0]MapCheck: Map check complete: 0 Error(s), 0 Warning(s), took 0.134ms to complete.
[2020.11.15-21.34.49:609][  0]LogFileHelpers: Loading map 'Primary' took 0.691
[2020.11.15-21.34.49:610][  0]LogUnrealEdMisc: Total Editor Startup Time, took 6.555
[2020.11.15-21.34.49:771][  0]LogCollectionManager: Loaded 0 collections in 0.001201 seconds
[2020.11.15-21.34.49:782][  0]LogFileCache: Scanning file cache for directory 'C:/Users/brend/Documents/GitHub/WhatsRemembered/Saved/Collections/' took 0.00s
[2020.11.15-21.34.49:782][  0]LogFileCache: Scanning file cache for directory 'C:/Users/brend/Documents/GitHub/WhatsRemembered/Content/Developers/brend/Collections/' took 0.00s
[2020.11.15-21.34.49:782][  0]LogFileCache: Scanning file cache for directory 'C:/Users/brend/Documents/GitHub/WhatsRemembered/Content/Collections/' took 0.00s
[2020.11.15-21.34.49:782][  0]LogContentBrowser: Native class hierarchy populated in 0.0074 seconds. Added 3447 classes and 827 folders.
[2020.11.15-21.34.49:784][  0]LogContentBrowser: Native class hierarchy updated for 'WidgetCarousel' in 0.0002 seconds. Added 0 classes and 0 folders.
[2020.11.15-21.34.49:825][  0]LogContentBrowser: Native class hierarchy updated for 'AddContentDialog' in 0.0002 seconds. Added 0 classes and 0 folders.
[2020.11.15-21.34.49:838][  0]LogSlate: Updating window title bar state: overlay mode, drag disabled, window buttons hidden, title bar hidden
[2020.11.15-21.34.49:852][  0]LogSlate: Updating window title bar state: overlay mode, drag disabled, window buttons hidden, title bar hidden
[2020.11.15-21.34.49:864][  0]LogSlate: Updating window title bar state: overlay mode, drag disabled, window buttons hidden, title bar hidden
[2020.11.15-21.34.49:869][  0]LogSlate: Updating window title bar state: overlay mode, drag disabled, window buttons hidden, title bar hidden
[2020.11.15-21.34.49:871][  0]LogContentBrowser: Native class hierarchy updated for 'SceneOutliner' in 0.0002 seconds. Added 2 classes and 0 folders.
[2020.11.15-21.34.49:965][  0]LogSlate: Took 0.000150 seconds to synchronously load lazily loaded font '../../../Engine/Content/Slate/Fonts/Roboto-Regular.ttf' (155K)
[2020.11.15-21.34.49:967][  0]LogSlate: Took 0.000135 seconds to synchronously load lazily loaded font '../../../Engine/Content/Editor/Slate/Fonts/FontAwesome.ttf' (139K)
[2020.11.15-21.34.49:967][  0]LogSlate: Took 0.000105 seconds to synchronously load lazily loaded font '../../../Engine/Content/Slate/Fonts/Roboto-Bold.ttf' (160K)
[2020.11.15-21.34.50:019][  0]LogRenderer: Reallocating scene render targets to support 1920x1080 Format 10 NumSamples 1 (Frame:1).
[2020.11.15-21.34.50:130][  0]LogSlate: Took 0.000152 seconds to synchronously load lazily loaded font '../../../Engine/Content/Slate/Fonts/DroidSansMono.ttf' (77K)
[2020.11.15-21.34.50:177][  0]LogContentBrowser: Native class hierarchy updated for 'HierarchicalLODOutliner' in 0.0002 seconds. Added 0 classes and 0 folders.
[2020.11.15-21.34.50:177][  0]LogLoad: (Engine Initialization) Total time: 7.12 seconds
[2020.11.15-21.34.50:177][  0]LogLoad: (Engine Initialization) Total Blueprint compile time: 0.00 seconds
[2020.11.15-21.34.50:231][  0]LogAssetRegistry: Asset discovery search completed in 4.1803 seconds
[2020.11.15-21.34.50:235][  0]LogCollectionManager: Fixed up redirectors for 0 collections in 0.000002 seconds (updated 0 objects)
[2020.11.15-21.34.50:237][  0]LogContentStreaming: Texture pool size now 1000 MB
[2020.11.15-21.34.50:252][  0]LogSlate: Took 0.000122 seconds to synchronously load lazily loaded font '../../../Engine/Content/Slate/Fonts/Roboto-Light.ttf' (167K)
[2020.11.15-21.35.32:881][476]LogSlate: Window 'Size Map' being destroyed
[2020.11.15-21.35.32:902][476]LogSlate: Window 'Size Map' being destroyed
[2020.11.15-21.35.39:423][642]LogUObjectHash: Compacting FUObjectHashTables data took   0.96ms
[2020.11.15-21.35.43:059][642]LogSlate: Window 'Delete Assets' being destroyed
[2020.11.15-21.35.43:465][642]LogUObjectGlobals: Force Deleting 2 Package(s):
	Asset Name: /Game/Sound/Music/Beta_BG_convert_.Beta_BG_convert_
	Asset Name: /Game/Sound/Music/Beta_BG_convert__Cue.Beta_BG_convert__Cue
[2020.11.15-21.35.43:471][642]LogSlate: Took 0.000195 seconds to synchronously load lazily loaded font '../../../Engine/Content/Slate/Fonts/Roboto-Light.ttf' (167K)
[2020.11.15-21.35.50:326][642]LogSlate: Window 'Message' being destroyed
[2020.11.15-21.35.50:329][642]Message dialog closed, result: Ok, title: Message, text: SoundWave /Game/Sound/Music/Beta_BG_convert_.Beta_BG_convert_ is in use.

---
Running the editor with '-NoLoadStartupPackages' may help if the object is loaded at startup.
---


External referencers of SoundWave /Game/Sound/Music/Beta_BG_convert_.Beta_BG_convert_:
   SoundNodeWavePlayer /Game/Sound/Music/Beta_BG_convert__Cue.Beta_BG_convert__Cue:SoundNodeWavePlayer_0 (1)
      0) ObjectProperty /Script/Engine.SoundNodeWavePlayer:SoundWave


[2020.11.15-21.35.50:329][642]LogObjectTools: Warning: ForceDeleteObject failed to delete Beta_BG_convert_, this package is now potentially corrupt
[2020.11.15-21.35.50:407][642]LogUObjectHash: Compacting FUObjectHashTables data took   0.58ms
[2020.11.15-21.35.50:419][642]LogUObjectHash: Compacting FUObjectHashTables data took   0.71ms
[2020.11.15-21.35.50:429][642]LogUObjectHash: Compacting FUObjectHashTables data took   0.25ms
[2020.11.15-21.35.50:430][642]LogOutputDevice: Warning: 

Script Stack (0 frames):

[2020.11.15-21.35.50:797][642]LogStats: FPlatformStackWalk::StackWalkAndDump -  0.367 s
[2020.11.15-21.35.50:797][642]LogOutputDevice: Error: === Handled ensure: ===
[2020.11.15-21.35.50:797][642]LogOutputDevice: Error: 
[2020.11.15-21.35.50:797][642]LogOutputDevice: Error: Ensure condition failed: false [File:D:/Build/++UE4+Licensee/Sync/Engine/Source/Editor/UnrealEd/Private/ObjectTools.cpp] [Line: 2891]
[2020.11.15-21.35.50:797][642]LogOutputDevice: Error: 
[2020.11.15-21.35.50:797][642]LogOutputDevice: Error: 					Failed to unload all packages during ForceDeleteObjects - 
[2020.11.15-21.35.50:797][642]LogOutputDevice: Error: 					these packages are likely corrupt. Consider restarting the 
[2020.11.15-21.35.50:797][642]LogOutputDevice: Error: 					editor, noting which assets remain and then deleting them 
[2020.11.15-21.35.50:797][642]LogOutputDevice: Error: 					from the file system manually: 
[2020.11.15-21.35.50:797][642]LogOutputDevice: Error: /Game/Sound/Music/Beta_BG_convert_
[2020.11.15-21.35.50:797][642]LogOutputDevice: Error: Stack: 
[2020.11.15-21.35.50:797][642]LogOutputDevice: Error: [Callstack] 0x00007fff6f20c3d8 UE4Editor-UnrealEd.dll!UnknownFunction []
[2020.11.15-21.35.50:797][642]LogOutputDevice: Error: [Callstack] 0x00007fff6eaf52d9 UE4Editor-UnrealEd.dll!UnknownFunction []
[2020.11.15-21.35.50:797][642]LogOutputDevice: Error: [Callstack] 0x00007fff6e2a9e39 UE4Editor-UnrealEd.dll!UnknownFunction []
[2020.11.15-21.35.50:797][642]LogOutputDevice: Error: [Callstack] 0x00007fff6e54d43e UE4Editor-UnrealEd.dll!UnknownFunction []
[2020.11.15-21.35.50:797][642]LogOutputDevice: Error: [Callstack] 0x00007fff6e546dc7 UE4Editor-UnrealEd.dll!UnknownFunction []
[2020.11.15-21.35.50:797][642]LogOutputDevice: Error: [Callstack] 0x00007fff9bc4207e UE4Editor-Slate.dll!UnknownFunction []
[2020.11.15-21.35.50:797][642]LogOutputDevice: Error: [Callstack] 0x00007fff9bc5b27e UE4Editor-Slate.dll!UnknownFunction []
[2020.11.15-21.35.50:797][642]LogOutputDevice: Error: [Callstack] 0x00007fff9baa2dc8 UE4Editor-Slate.dll!UnknownFunction []
[2020.11.15-21.35.50:797][642]LogOutputDevice: Error: [Callstack] 0x00007fff9bb269cf UE4Editor-Slate.dll!UnknownFunction []
[2020.11.15-21.35.50:797][642]LogOutputDevice: Error: [Callstack] 0x00007fff9bb0f4b2 UE4Editor-Slate.dll!UnknownFunction []
[2020.11.15-21.35.50:797][642]LogOutputDevice: Error: [Callstack] 0x00007fff9bb02392 UE4Editor-Slate.dll!UnknownFunction []
[2020.11.15-21.35.50:797][642]LogOutputDevice: Error: [Callstack] 0x00007fffd2347f88 UE4Editor-ApplicationCore.dll!UnknownFunction []
[2020.11.15-21.35.50:797][642]LogOutputDevice: Error: [Callstack] 0x00007fffd2335c87 UE4Editor-ApplicationCore.dll!UnknownFunction []
[2020.11.15-21.35.50:797][642]LogOutputDevice: Error: [Callstack] 0x00007fffd234a609 UE4Editor-ApplicationCore.dll!UnknownFunction []
[2020.11.15-21.35.50:797][642]LogOutputDevice: Error: [Callstack] 0x00007fffd23317d0 UE4Editor-ApplicationCore.dll!UnknownFunction []
[2020.11.15-21.35.50:797][642]LogOutputDevice: Error: [Callstack] 0x00007fffea965c1d USER32.dll!UnknownFunction []
[2020.11.15-21.35.50:797][642]LogOutputDevice: Error: [Callstack] 0x00007fffea965612 USER32.dll!UnknownFunction []
[2020.11.15-21.35.50:797][642]LogOutputDevice: Error: [Callstack] 0x00007fffd234b9c9 UE4Editor-ApplicationCore.dll!UnknownFunction []
[2020.11.15-21.35.50:797][642]LogOutputDevice: Error: [Callstack] 0x00007fff9bb30d5d UE4Editor-Slate.dll!UnknownFunction []
[2020.11.15-21.35.50:797][642]LogOutputDevice: Error: [Callstack] 0x00007fff9bacbdb7 UE4Editor-Slate.dll!UnknownFunction []
[2020.11.15-21.35.50:797][642]LogOutputDevice: Error: [Callstack] 0x00007fff6e5df00e UE4Editor-UnrealEd.dll!UnknownFunction []
[2020.11.15-21.35.50:797][642]LogOutputDevice: Error: [Callstack] 0x00007fff6eae94dc UE4Editor-UnrealEd.dll!UnknownFunction []
[2020.11.15-21.35.50:797][642]LogOutputDevice: Error: [Callstack] 0x00007fff6eae8916 UE4Editor-UnrealEd.dll!UnknownFunction []
[2020.11.15-21.35.50:797][642]LogOutputDevice: Error: [Callstack] 0x00007fff5a5d977e UE4Editor-ContentBrowser.dll!UnknownFunction []
[2020.11.15-21.35.50:797][642]LogOutputDevice: Error: [Callstack] 0x00007fff5a707506 UE4Editor-ContentBrowser.dll!UnknownFunction []
[2020.11.15-21.35.50:797][642]LogOutputDevice: Error: [Callstack] 0x00007fff5a6e749e UE4Editor-ContentBrowser.dll!UnknownFunction []
[2020.11.15-21.35.50:797][642]LogOutputDevice: Error: [Callstack] 0x00007fff9badf238 UE4Editor-Slate.dll!UnknownFunction []
[2020.11.15-21.35.50:797][642]LogOutputDevice: Error: [Callstack] 0x00007fff9bbcab51 UE4Editor-Slate.dll!UnknownFunction []
[2020.11.15-21.35.50:797][642]LogOutputDevice: Error: [Callstack] 0x00007fff9bbd1320 UE4Editor-Slate.dll!UnknownFunction []
[2020.11.15-21.35.50:797][642]LogOutputDevice: Error: [Callstack] 0x00007fff9bbaa937 UE4Editor-Slate.dll!UnknownFunction []
[2020.11.15-21.35.50:797][642]LogOutputDevice: Error: [Callstack] 0x00007fff9bc4207e UE4Editor-Slate.dll!UnknownFunction []
[2020.11.15-21.35.50:797][642]LogOutputDevice: Error: [Callstack] 0x00007fff9bc5b27e UE4Editor-Slate.dll!UnknownFunction []
[2020.11.15-21.35.50:797][642]LogOutputDevice: Error: [Callstack] 0x00007fff9bbd2a95 UE4Editor-Slate.dll!UnknownFunction []
[2020.11.15-21.35.50:797][642]LogOutputDevice: Error: [Callstack] 0x00007fff9baa2dc8 UE4Editor-Slate.dll!UnknownFunction []
[2020.11.15-21.35.50:797][642]LogOutputDevice: Error: [Callstack] 0x00007fff9bb269cf UE4Editor-Slate.dll!UnknownFunction []
[2020.11.15-21.35.50:797][642]LogOutputDevice: Error: [Callstack] 0x00007fff9bb0f4b2 UE4Editor-Slate.dll!UnknownFunction []
[2020.11.15-21.35.50:797][642]LogOutputDevice: Error: [Callstack] 0x00007fff9bb02392 UE4Editor-Slate.dll!UnknownFunction []
[2020.11.15-21.35.50:797][642]LogOutputDevice: Error: [Callstack] 0x00007fffd2347f88 UE4Editor-ApplicationCore.dll!UnknownFunction []
[2020.11.15-21.35.50:797][642]LogOutputDevice: Error: [Callstack] 0x00007fffd2335c87 UE4Editor-ApplicationCore.dll!UnknownFunction []
[2020.11.15-21.35.50:797][642]LogOutputDevice: Error: [Callstack] 0x00007fffd234a609 UE4Editor-ApplicationCore.dll!UnknownFunction []
[2020.11.15-21.35.50:797][642]LogOutputDevice: Error: [Callstack] 0x00007fffd23317d0 UE4Editor-ApplicationCore.dll!UnknownFunction []
[2020.11.15-21.35.50:797][642]LogOutputDevice: Error: [Callstack] 0x00007fffea965c1d USER32.dll!UnknownFunction []
[2020.11.15-21.35.50:797][642]LogOutputDevice: Error: [Callstack] 0x00007fffea965612 USER32.dll!UnknownFunction []
[2020.11.15-21.35.50:797][642]LogOutputDevice: Error: [Callstack] 0x00007fffd234bb24 UE4Editor-ApplicationCore.dll!UnknownFunction []
[2020.11.15-21.35.50:797][642]LogOutputDevice: Error: [Callstack] 0x00007ff6f89a68c4 UE4Editor.exe!UnknownFunction []
[2020.11.15-21.35.50:797][642]LogOutputDevice: Error: [Callstack] 0x00007ff6f89bba7c UE4Editor.exe!UnknownFunction []
[2020.11.15-21.35.50:797][642]LogOutputDevice: Error: [Callstack] 0x00007ff6f89bbb5a UE4Editor.exe!UnknownFunction []
[2020.11.15-21.35.50:797][642]LogOutputDevice: Error: [Callstack] 0x00007ff6f89ce31d UE4Editor.exe!UnknownFunction []
[2020.11.15-21.35.50:797][642]LogOutputDevice: Error: [Callstack] 0x00007ff6f89d145a UE4Editor.exe!UnknownFunction []
[2020.11.15-21.35.50:797][642]LogOutputDevice: Error: [Callstack] 0x00007fffeb087c24 KERNEL32.DLL!UnknownFunction []
[2020.11.15-21.35.50:797][642]LogOutputDevice: Error: [Callstack] 0x00007fffebb2cea1 ntdll.dll!UnknownFunction []
[2020.11.15-21.35.50:797][642]LogOutputDevice: Error: 
[2020.11.15-21.35.50:801][642]LogStats:                SubmitErrorReport -  0.000 s
[2020.11.15-21.35.51:902][642]LogStats:                    SendNewReport -  1.101 s
[2020.11.15-21.35.51:902][642]LogStats:             FDebug::EnsureFailed -  1.472 s
[2020.11.15-21.35.51:914][642]LogTemp: Resetting audio stream to device id 
[2020.11.15-21.35.51:930][642]LogAudioMixer: Display: 0: FrontLeft
[2020.11.15-21.35.51:930][642]LogAudioMixer: Display: 1: FrontRight
[2020.11.15-21.36.06:742][160]Cmd: DELETE
[2020.11.15-21.36.06:742][160]Cmd: ACTOR DELETE
[2020.11.15-21.36.06:756][160]LogEditorActor: Deleted Actor: AmbientSound
[2020.11.15-21.36.06:769][160]LogUObjectHash: Compacting FUObjectHashTables data took   0.60ms
[2020.11.15-21.36.06:772][160]LogEditorActor: Deleted 1 Actors (0.025 secs)
[2020.11.15-21.36.09:555][197]LogUObjectHash: Compacting FUObjectHashTables data took   0.25ms
[2020.11.15-21.36.14:369][197]LogSlate: Window 'Delete Assets' being destroyed
[2020.11.15-21.36.30:822][483]LogAssetEditorSubsystem: Opening Asset editor for Blueprint /Game/Blueprints/BG_Audio.BG_Audio
[2020.11.15-21.36.31:292][483]LogLinker: Warning: Asset '../../Plugins/Marketplace/NinjaCharacter/Content/DemoRoom/BluePrint/BP_DemoDisplay_Enum.uasset' has been saved with empty engine version. The asset will be loaded but may be incompatible.
[2020.11.15-21.36.31:296][483]LogLinker: Warning: Asset '../../Plugins/Marketplace/NinjaCharacter/Content/DemoRoom/BluePrint/BP_DemoRoom_Enum.uasset' has been saved with empty engine version. The asset will be loaded but may be incompatible.
[2020.11.15-21.36.31:312][483]LogContentBrowser: Native class hierarchy updated for 'BlueprintGraph' in 0.0004 seconds. Added 125 classes and 0 folders.
[2020.11.15-21.36.32:115][483]LogSlate: Took 0.008193 seconds to synchronously load lazily loaded font '../../../Engine/Content/Slate/Fonts/Roboto-BoldCondensed.ttf' (158K)
[2020.11.15-21.36.44:860][801]LogSlate: Window 'BG_Audio' being destroyed
[2020.11.15-21.36.44:862][801]LogSlate: Window 'BG_Audio' being destroyed
[2020.11.15-21.36.44:863][801]LogWorld: UWorld::CleanupWorld for World_0, bSessionEnded=true, bCleanupResources=true
[2020.11.15-21.36.44:863][801]LogSlate: InvalidateAllWidgets triggered.  All widgets were invalidated
[2020.11.15-21.37.08:772][112]LogUObjectHash: Compacting FUObjectHashTables data took   1.72ms
[2020.11.15-21.37.12:913][112]LogSlate: Window 'Delete Assets' being destroyed
[2020.11.15-21.37.19:324][223]LogLinker: Warning: While loading '../../../../../../Users/brend/Documents/GitHub/WhatsRemembered/Content/Blueprints/Beta_BG_convert__Cue_Blueprint.uasset' failed to load '/Game/Sound/Music/Beta_BG_convert__Cue': Can't find file.
[2020.11.15-21.37.19:325][223]LogLinker: Warning: While loading '../../../../../../Users/brend/Documents/GitHub/WhatsRemembered/Content/Blueprints/Beta_BG_convert__Cue_Blueprint.uasset' failed to load '/Game/Sound/Music/Beta_BG_convert__Cue': Can't find file.
[2020.11.15-21.37.19:325][223]LogLinker: Warning: While loading '../../../../../../Users/brend/Documents/GitHub/WhatsRemembered/Content/Blueprints/Beta_BG_convert__Cue_Blueprint.uasset' failed to load '/Game/Sound/Music/Beta_BG_convert__Cue': Can't find file.
[2020.11.15-21.37.19:325][223]LogLinker: Warning: While loading '../../../../../../Users/brend/Documents/GitHub/WhatsRemembered/Content/Blueprints/Beta_BG_convert__Cue_Blueprint.uasset' failed to load '/Game/Sound/Music/Beta_BG_convert__Cue': Can't find file.
[2020.11.15-21.37.19:325][223]LogLinker: Warning: Failed to load '/Game/Sound/Music/Beta_BG_convert__Cue': Can't find file.
[2020.11.15-21.37.19:325][223]LogLinker: Warning: Failed to load '/Game/Sound/Music/Beta_BG_convert__Cue': Can't find file.
[2020.11.15-21.37.19:325][223]LogLinker: Warning: Failed to load '/Game/Sound/Music/Beta_BG_convert__Cue': Can't find file.
[2020.11.15-21.37.19:325][223]LogLinker: Warning: Failed to load '/Game/Sound/Music/Beta_BG_convert__Cue': Can't find file.
[2020.11.15-21.37.19:325][223]LogLinker: Warning: While loading '../../../../../../Users/brend/Documents/GitHub/WhatsRemembered/Content/Blueprints/Beta_BG_convert__Cue_Blueprint.uasset' failed to load '/Game/Sound/Music/Beta_BG_convert__Cue': Can't find file.
[2020.11.15-21.37.19:326][223]LoadErrors: Failed to load /Game/Sound/Music/Beta_BG_convert__Cue.Beta_BG_convert__Cue Referenced by Default__Beta_BG_convert__Cue_Blueprint_C
[2020.11.15-21.37.19:326][223]LogLinker: Warning: While loading '../../../../../../Users/brend/Documents/GitHub/WhatsRemembered/Content/Blueprints/Beta_BG_convert__Cue_Blueprint.uasset' failed to load '/Game/Sound/Music/Beta_BG_convert__Cue': Can't find file.
[2020.11.15-21.37.19:347][223]LogUObjectHash: Compacting FUObjectHashTables data took   2.46ms
[2020.11.15-21.37.22:128][223]LogSlate: Window 'Delete Assets' being destroyed
[2020.11.15-21.37.24:705][254]Cmd: OBJ SAVEPACKAGE PACKAGE="/Game/Levels/Primary" FILE="../../../../../../Users/brend/Documents/GitHub/WhatsRemembered/Content/Levels/Primary.umap" SILENT=true AUTOSAVING=false KEEPDIRTY=false
[2020.11.15-21.37.24:722][254]LogUObjectHash: Compacting FUObjectHashTables data took   0.40ms
[2020.11.15-21.37.24:891][254]LogSavePackage: Moving '../../../../../../Users/brend/Documents/GitHub/WhatsRemembered/Saved/Primary92B78DF24E3BF68EA9E81EA0F9DA97F1.tmp' to '../../../../../../Users/brend/Documents/GitHub/WhatsRemembered/Content/Levels/Primary.umap'
[2020.11.15-21.37.24:949][254]AssetCheck: New page: Asset Save: Primary
[2020.11.15-21.37.24:949][254]LogContentValidation: Display: Validating World /Game/Levels/Primary.Primary
[2020.11.15-21.37.34:394][374]LogAssetEditorSubsystem: Opening Asset editor for World /Game/Levels/Tutorial.Tutorial
[2020.11.15-21.37.34:412][374]LogUObjectHash: Compacting FUObjectHashTables data took   1.74ms
[2020.11.15-21.37.35:542][374]LogSlate: Window 'Save Content' being destroyed
[2020.11.15-21.37.36:023][374]Cmd: OBJ SAVEPACKAGE PACKAGE="/Game/Sound/Music/Beta_BG_convert_" FILE="../../../../../../Users/brend/Documents/GitHub/WhatsRemembered/Content/Sound/Music/Beta_BG_convert_.uasset" SILENT=true
[2020.11.15-21.37.37:316][374]LogSavePackage: Moving '../../../../../../Users/brend/Documents/GitHub/WhatsRemembered/Saved/Beta_BG_convert_7E00F6624578481424C8A5B4BF9C5B2E.tmp' to '../../../../../../Users/brend/Documents/GitHub/WhatsRemembered/Content/Sound/Music/Beta_BG_convert_.uasset'
[2020.11.15-21.37.37:372][374]Cmd: MAP LOAD FILE="../../../../../../Users/brend/Documents/GitHub/WhatsRemembered/Content/Levels/Tutorial.umap" TEMPLATE=0 SHOWPROGRESS=1 FEATURELEVEL=3
[2020.11.15-21.37.37:372][374]LightingResults: New page: Lighting Build
[2020.11.15-21.37.37:372][374]LoadErrors: New page: Loading map: Tutorial.umap
[2020.11.15-21.37.37:375][374]LogWorld: UWorld::CleanupWorld for Primary, bSessionEnded=true, bCleanupResources=true
[2020.11.15-21.37.37:376][374]LogSlate: InvalidateAllWidgets triggered.  All widgets were invalidated
[2020.11.15-21.37.37:376][374]MapCheck: New page: Map Check
[2020.11.15-21.37.37:376][374]LightingResults: New page: Lighting Build
[2020.11.15-21.37.37:397][374]LogAISub: UAISubsystem::~UAISubsystem EnvQueryManager (000001E382C7BE00), frame # 3374
[2020.11.15-21.37.37:397][374]LogAISub: UAISubsystem::~UAISubsystem AIPerceptionSystem (000001E38702D440), frame # 3374
[2020.11.15-21.37.37:399][374]LogUObjectHash: Compacting FUObjectHashTables data took   1.97ms
[2020.11.15-21.37.37:405][374]PIE: Warning: Trying to simulate physics on ''/Game/Levels/Tutorial.Tutorial:PersistentLevel.Physic_Door_2.Door_Cube_061'' but it has ComplexAsSimple collision.
[2020.11.15-21.37.37:405][374]PIE: Warning: Trying to simulate physics on ''/Game/Levels/Tutorial.Tutorial:PersistentLevel.Physic_Door2.Door_Cube_061'' but it has ComplexAsSimple collision.
[2020.11.15-21.37.37:406][374]PIE: Warning: Trying to simulate physics on ''/Game/Levels/Tutorial.Tutorial:PersistentLevel.Physic_Door_2.Door_Cube_061'' but it has ComplexAsSimple collision.
[2020.11.15-21.37.37:406][374]PIE: Warning: Trying to simulate physics on ''/Game/Levels/Tutorial.Tutorial:PersistentLevel.Physic_Door_2.Door_Cube_061'' but it has ComplexAsSimple collision.
[2020.11.15-21.37.37:407][374]PIE: Warning: Trying to simulate physics on ''/Game/Levels/Tutorial.Tutorial:PersistentLevel.Physic_Door2.Door_Cube_061'' but it has ComplexAsSimple collision.
[2020.11.15-21.37.37:407][374]PIE: Warning: Trying to simulate physics on ''/Game/Levels/Tutorial.Tutorial:PersistentLevel.Physic_Door2.Door_Cube_061'' but it has ComplexAsSimple collision.
[2020.11.15-21.37.37:489][374]LogEditorServer: Finished looking for orphan Actors (0.000 secs)
[2020.11.15-21.37.37:489][374]LogAIModule: Creating AISystem for world Tutorial
[2020.11.15-21.37.37:489][374]LogAISub: UAISubsystem::UAISubsystem EnvQueryManager (000001E4329FAE00), frame # 3374
[2020.11.15-21.37.37:490][374]LogAISub: UAISubsystem::UAISubsystem AIPerceptionSystem (000001E3826A16C0), frame # 3374
[2020.11.15-21.37.37:509][374]LogUObjectHash: Compacting FUObjectHashTables data took   1.49ms
[2020.11.15-21.37.37:544][374]Cmd: MAP CHECKDEP NOCLEARLOG
[2020.11.15-21.37.37:551][374]MapCheck: Map check complete: 0 Error(s), 0 Warning(s), took 7.412ms to complete.
[2020.11.15-21.37.37:551][374]LogFileHelpers: Loading map 'Tutorial' took 0.180
[2020.11.15-21.37.37:622][374]AssetCheck: New page: Asset Save: Beta_BG_convert_
[2020.11.15-21.37.37:622][374]LogContentValidation: Display: Validating SoundWave /Game/Sound/Music/Beta_BG_convert_.Beta_BG_convert_
[2020.11.15-21.37.39:411][470]LogEditorViewport: Clicking on Actor (LMB): StaticMeshActor (Tutorial_Plane)
[2020.11.15-21.37.41:011][560]LogEditorViewport: Clicking on Actor (LMB): Beta_BG_convert__Cue_Blueprint_C (Beta_BG_convert__Cue_Blueprint)
[2020.11.15-21.37.43:766][722]Cmd: DELETE
[2020.11.15-21.37.43:766][722]Cmd: ACTOR DELETE
[2020.11.15-21.37.43:769][722]LogEditorActor: Deleted Actor: Beta_BG_convert__Cue_Blueprint_C
[2020.11.15-21.37.43:785][722]LogUObjectHash: Compacting FUObjectHashTables data took   1.46ms
[2020.11.15-21.37.43:788][722]LogEditorActor: Deleted 1 Actors (0.021 secs)
[2020.11.15-21.37.47:602][950]Cmd: OBJ SAVEPACKAGE PACKAGE="/Game/Levels/Tutorial" FILE="../../../../../../Users/brend/Documents/GitHub/WhatsRemembered/Content/Levels/Tutorial.umap" SILENT=true AUTOSAVING=false KEEPDIRTY=false
[2020.11.15-21.37.47:619][950]LogUObjectHash: Compacting FUObjectHashTables data took   0.43ms
[2020.11.15-21.37.47:670][950]LogSavePackage: Moving '../../../../../../Users/brend/Documents/GitHub/WhatsRemembered/Saved/Tutorial5D0695704E9AB8106815FB88AC27E0C5.tmp' to '../../../../../../Users/brend/Documents/GitHub/WhatsRemembered/Content/Levels/Tutorial.umap'
[2020.11.15-21.37.47:716][950]AssetCheck: New page: Asset Save: Tutorial
[2020.11.15-21.37.47:717][950]LogContentValidation: Display: Validating World /Game/Levels/Tutorial.Tutorial
[2020.11.15-21.38.14:338][504]LogUObjectHash: Compacting FUObjectHashTables data took   1.41ms
[2020.11.15-21.38.16:500][504]LogSlate: Window 'Delete Assets' being destroyed
[2020.11.15-21.38.16:656][504]LogUObjectGlobals: Force Deleting 1 Package(s):
	Asset Name: /Game/Sound/Music/Beta_BG_convert_.Beta_BG_convert_
[2020.11.15-21.38.17:234][504]LogUObjectHash: Compacting FUObjectHashTables data took   1.20ms
[2020.11.15-21.38.17:258][504]LogUObjectHash: Compacting FUObjectHashTables data took   1.54ms
[2020.11.15-21.38.17:275][504]LogUObjectHash: Compacting FUObjectHashTables data took   0.68ms
[2020.11.15-21.38.19:468][616]Cmd: OBJ SAVEPACKAGE PACKAGE="/Game/Levels/Tutorial" FILE="../../../../../../Users/brend/Documents/GitHub/WhatsRemembered/Content/Levels/Tutorial.umap" SILENT=true AUTOSAVING=false KEEPDIRTY=false
[2020.11.15-21.38.19:487][616]LogUObjectHash: Compacting FUObjectHashTables data took   1.40ms
[2020.11.15-21.38.19:526][616]LogSavePackage: Moving '../../../../../../Users/brend/Documents/GitHub/WhatsRemembered/Saved/TutorialC5E396BC446D5402A67FB9B6FE43B8EC.tmp' to '../../../../../../Users/brend/Documents/GitHub/WhatsRemembered/Content/Levels/Tutorial.umap'
[2020.11.15-21.38.19:571][616]AssetCheck: New page: Asset Save: Tutorial
[2020.11.15-21.38.19:571][616]LogContentValidation: Display: Validating World /Game/Levels/Tutorial.Tutorial
